[DEBUG] 2020-03-30 12:17:34.268 [main] IntegratorServiceImpl - Adding Integrator [org.hibernate.cfg.beanvalidation.BeanValidationIntegrator].
[DEBUG] 2020-03-30 12:17:34.269 [main] IntegratorServiceImpl - Adding Integrator [org.hibernate.secure.spi.JaccIntegrator].
[DEBUG] 2020-03-30 12:17:34.271 [main] IntegratorServiceImpl - Adding Integrator [org.hibernate.cache.internal.CollectionCacheInvalidator].
[TRACE] 2020-03-30 12:17:34.276 [main] StrategySelectorImpl - Registering named strategy selector [org.hibernate.dialect.Dialect] : [Cache71] -> [org.hibernate.dialect.Cache71Dialect]
[TRACE] 2020-03-30 12:17:34.277 [main] StrategySelectorImpl - Registering named strategy selector [org.hibernate.dialect.Dialect] : [CUBRID] -> [org.hibernate.dialect.CUBRIDDialect]
[TRACE] 2020-03-30 12:17:34.277 [main] StrategySelectorImpl - Registering named strategy selector [org.hibernate.dialect.Dialect] : [DB2] -> [org.hibernate.dialect.DB2Dialect]
[TRACE] 2020-03-30 12:17:34.278 [main] StrategySelectorImpl - Registering named strategy selector [org.hibernate.dialect.Dialect] : [DB2390] -> [org.hibernate.dialect.DB2390Dialect]
[TRACE] 2020-03-30 12:17:34.278 [main] StrategySelectorImpl - Registering named strategy selector [org.hibernate.dialect.Dialect] : [DB2390V8] -> [org.hibernate.dialect.DB2390V8Dialect]
[TRACE] 2020-03-30 12:17:34.278 [main] StrategySelectorImpl - Registering named strategy selector [org.hibernate.dialect.Dialect] : [DB2400] -> [org.hibernate.dialect.DB2400Dialect]
[TRACE] 2020-03-30 12:17:34.279 [main] StrategySelectorImpl - Registering named strategy selector [org.hibernate.dialect.Dialect] : [DerbyTenFive] -> [org.hibernate.dialect.DerbyTenFiveDialect]
[TRACE] 2020-03-30 12:17:34.279 [main] StrategySelectorImpl - Registering named strategy selector [org.hibernate.dialect.Dialect] : [DerbyTenSix] -> [org.hibernate.dialect.DerbyTenSixDialect]
[TRACE] 2020-03-30 12:17:34.279 [main] StrategySelectorImpl - Registering named strategy selector [org.hibernate.dialect.Dialect] : [DerbyTenSeven] -> [org.hibernate.dialect.DerbyTenSevenDialect]
[TRACE] 2020-03-30 12:17:34.279 [main] StrategySelectorImpl - Registering named strategy selector [org.hibernate.dialect.Dialect] : [Firebird] -> [org.hibernate.dialect.FirebirdDialect]
[TRACE] 2020-03-30 12:17:34.280 [main] StrategySelectorImpl - Registering named strategy selector [org.hibernate.dialect.Dialect] : [FrontBase] -> [org.hibernate.dialect.FrontBaseDialect]
[TRACE] 2020-03-30 12:17:34.280 [main] StrategySelectorImpl - Registering named strategy selector [org.hibernate.dialect.Dialect] : [H2] -> [org.hibernate.dialect.H2Dialect]
[TRACE] 2020-03-30 12:17:34.281 [main] StrategySelectorImpl - Registering named strategy selector [org.hibernate.dialect.Dialect] : [HANAColumnStore] -> [org.hibernate.dialect.HANAColumnStoreDialect]
[TRACE] 2020-03-30 12:17:34.281 [main] StrategySelectorImpl - Registering named strategy selector [org.hibernate.dialect.Dialect] : [HANARowStore] -> [org.hibernate.dialect.HANARowStoreDialect]
[TRACE] 2020-03-30 12:17:34.281 [main] StrategySelectorImpl - Registering named strategy selector [org.hibernate.dialect.Dialect] : [HSQL] -> [org.hibernate.dialect.HSQLDialect]
[TRACE] 2020-03-30 12:17:34.282 [main] StrategySelectorImpl - Registering named strategy selector [org.hibernate.dialect.Dialect] : [Informix] -> [org.hibernate.dialect.InformixDialect]
[TRACE] 2020-03-30 12:17:34.282 [main] StrategySelectorImpl - Registering named strategy selector [org.hibernate.dialect.Dialect] : [Ingres] -> [org.hibernate.dialect.IngresDialect]
[TRACE] 2020-03-30 12:17:34.282 [main] StrategySelectorImpl - Registering named strategy selector [org.hibernate.dialect.Dialect] : [Ingres9] -> [org.hibernate.dialect.Ingres9Dialect]
[TRACE] 2020-03-30 12:17:34.282 [main] StrategySelectorImpl - Registering named strategy selector [org.hibernate.dialect.Dialect] : [Ingres10] -> [org.hibernate.dialect.Ingres10Dialect]
[TRACE] 2020-03-30 12:17:34.283 [main] StrategySelectorImpl - Registering named strategy selector [org.hibernate.dialect.Dialect] : [Interbase] -> [org.hibernate.dialect.InterbaseDialect]
[TRACE] 2020-03-30 12:17:34.283 [main] StrategySelectorImpl - Registering named strategy selector [org.hibernate.dialect.Dialect] : [JDataStore] -> [org.hibernate.dialect.JDataStoreDialect]
[TRACE] 2020-03-30 12:17:34.283 [main] StrategySelectorImpl - Registering named strategy selector [org.hibernate.dialect.Dialect] : [Mckoi] -> [org.hibernate.dialect.MckoiDialect]
[TRACE] 2020-03-30 12:17:34.283 [main] StrategySelectorImpl - Registering named strategy selector [org.hibernate.dialect.Dialect] : [MimerSQL] -> [org.hibernate.dialect.MimerSQLDialect]
[TRACE] 2020-03-30 12:17:34.284 [main] StrategySelectorImpl - Registering named strategy selector [org.hibernate.dialect.Dialect] : [MySQL5] -> [org.hibernate.dialect.MySQL5Dialect]
[TRACE] 2020-03-30 12:17:34.284 [main] StrategySelectorImpl - Registering named strategy selector [org.hibernate.dialect.Dialect] : [MySQL5InnoDB] -> [org.hibernate.dialect.MySQL5InnoDBDialect]
[TRACE] 2020-03-30 12:17:34.284 [main] StrategySelectorImpl - Registering named strategy selector [org.hibernate.dialect.Dialect] : [MySQL57InnoDB] -> [org.hibernate.dialect.MySQL57InnoDBDialect]
[TRACE] 2020-03-30 12:17:34.284 [main] StrategySelectorImpl - Registering named strategy selector [org.hibernate.dialect.Dialect] : [MySQL57] -> [org.hibernate.dialect.MySQL57Dialect]
[TRACE] 2020-03-30 12:17:34.285 [main] StrategySelectorImpl - Registering named strategy selector [org.hibernate.dialect.Dialect] : [MySQL8] -> [org.hibernate.dialect.MySQL8Dialect]
[TRACE] 2020-03-30 12:17:34.285 [main] StrategySelectorImpl - Registering named strategy selector [org.hibernate.dialect.Dialect] : [Oracle8i] -> [org.hibernate.dialect.Oracle8iDialect]
[TRACE] 2020-03-30 12:17:34.285 [main] StrategySelectorImpl - Registering named strategy selector [org.hibernate.dialect.Dialect] : [Oracle9i] -> [org.hibernate.dialect.Oracle9iDialect]
[TRACE] 2020-03-30 12:17:34.286 [main] StrategySelectorImpl - Registering named strategy selector [org.hibernate.dialect.Dialect] : [Oracle10g] -> [org.hibernate.dialect.Oracle10gDialect]
[TRACE] 2020-03-30 12:17:34.286 [main] StrategySelectorImpl - Registering named strategy selector [org.hibernate.dialect.Dialect] : [Pointbase] -> [org.hibernate.dialect.PointbaseDialect]
[TRACE] 2020-03-30 12:17:34.286 [main] StrategySelectorImpl - Registering named strategy selector [org.hibernate.dialect.Dialect] : [PostgresPlus] -> [org.hibernate.dialect.PostgresPlusDialect]
[TRACE] 2020-03-30 12:17:34.286 [main] StrategySelectorImpl - Registering named strategy selector [org.hibernate.dialect.Dialect] : [PostgreSQL81] -> [org.hibernate.dialect.PostgreSQL81Dialect]
[TRACE] 2020-03-30 12:17:34.287 [main] StrategySelectorImpl - Registering named strategy selector [org.hibernate.dialect.Dialect] : [PostgreSQL82] -> [org.hibernate.dialect.PostgreSQL82Dialect]
[TRACE] 2020-03-30 12:17:34.287 [main] StrategySelectorImpl - Registering named strategy selector [org.hibernate.dialect.Dialect] : [PostgreSQL9] -> [org.hibernate.dialect.PostgreSQL9Dialect]
[TRACE] 2020-03-30 12:17:34.287 [main] StrategySelectorImpl - Registering named strategy selector [org.hibernate.dialect.Dialect] : [Progress] -> [org.hibernate.dialect.ProgressDialect]
[TRACE] 2020-03-30 12:17:34.287 [main] StrategySelectorImpl - Registering named strategy selector [org.hibernate.dialect.Dialect] : [SAPDB] -> [org.hibernate.dialect.SAPDBDialect]
[TRACE] 2020-03-30 12:17:34.288 [main] StrategySelectorImpl - Registering named strategy selector [org.hibernate.dialect.Dialect] : [SQLServer] -> [org.hibernate.dialect.SQLServerDialect]
[TRACE] 2020-03-30 12:17:34.288 [main] StrategySelectorImpl - Registering named strategy selector [org.hibernate.dialect.Dialect] : [SQLServer2005] -> [org.hibernate.dialect.SQLServer2005Dialect]
[TRACE] 2020-03-30 12:17:34.288 [main] StrategySelectorImpl - Registering named strategy selector [org.hibernate.dialect.Dialect] : [SQLServer2008] -> [org.hibernate.dialect.SQLServer2008Dialect]
[TRACE] 2020-03-30 12:17:34.288 [main] StrategySelectorImpl - Registering named strategy selector [org.hibernate.dialect.Dialect] : [Sybase11] -> [org.hibernate.dialect.Sybase11Dialect]
[TRACE] 2020-03-30 12:17:34.289 [main] StrategySelectorImpl - Registering named strategy selector [org.hibernate.dialect.Dialect] : [SybaseAnywhere] -> [org.hibernate.dialect.SybaseAnywhereDialect]
[TRACE] 2020-03-30 12:17:34.289 [main] StrategySelectorImpl - Registering named strategy selector [org.hibernate.dialect.Dialect] : [SybaseASE15] -> [org.hibernate.dialect.SybaseASE15Dialect]
[TRACE] 2020-03-30 12:17:34.289 [main] StrategySelectorImpl - Registering named strategy selector [org.hibernate.dialect.Dialect] : [SybaseASE157] -> [org.hibernate.dialect.SybaseASE157Dialect]
[TRACE] 2020-03-30 12:17:34.290 [main] StrategySelectorImpl - Registering named strategy selector [org.hibernate.dialect.Dialect] : [Teradata] -> [org.hibernate.dialect.TeradataDialect]
[TRACE] 2020-03-30 12:17:34.290 [main] StrategySelectorImpl - Registering named strategy selector [org.hibernate.dialect.Dialect] : [TimesTen] -> [org.hibernate.dialect.TimesTenDialect]
[TRACE] 2020-03-30 12:17:34.291 [main] StrategySelectorImpl - Registering named strategy selector [org.hibernate.engine.transaction.jta.platform.spi.JtaPlatform] : [Atomikos] -> [org.hibernate.engine.transaction.jta.platform.internal.AtomikosJtaPlatform]
[TRACE] 2020-03-30 12:17:34.291 [main] StrategySelectorImpl - Registering named strategy selector [org.hibernate.engine.transaction.jta.platform.spi.JtaPlatform] : [org.hibernate.service.jta.platform.internal.AtomikosJtaPlatform] -> [org.hibernate.engine.transaction.jta.platform.internal.AtomikosJtaPlatform]
[TRACE] 2020-03-30 12:17:34.291 [main] StrategySelectorImpl - Registering named strategy selector [org.hibernate.engine.transaction.jta.platform.spi.JtaPlatform] : [Borland] -> [org.hibernate.engine.transaction.jta.platform.internal.BorlandEnterpriseServerJtaPlatform]
[TRACE] 2020-03-30 12:17:34.291 [main] StrategySelectorImpl - Registering named strategy selector [org.hibernate.engine.transaction.jta.platform.spi.JtaPlatform] : [org.hibernate.service.jta.platform.internal.BorlandEnterpriseServerJtaPlatform] -> [org.hibernate.engine.transaction.jta.platform.internal.BorlandEnterpriseServerJtaPlatform]
[TRACE] 2020-03-30 12:17:34.291 [main] StrategySelectorImpl - Registering named strategy selector [org.hibernate.engine.transaction.jta.platform.spi.JtaPlatform] : [Bitronix] -> [org.hibernate.engine.transaction.jta.platform.internal.BitronixJtaPlatform]
[TRACE] 2020-03-30 12:17:34.292 [main] StrategySelectorImpl - Registering named strategy selector [org.hibernate.engine.transaction.jta.platform.spi.JtaPlatform] : [org.hibernate.service.jta.platform.internal.BitronixJtaPlatform] -> [org.hibernate.engine.transaction.jta.platform.internal.BitronixJtaPlatform]
[TRACE] 2020-03-30 12:17:34.292 [main] StrategySelectorImpl - Registering named strategy selector [org.hibernate.engine.transaction.jta.platform.spi.JtaPlatform] : [JBossAS] -> [org.hibernate.engine.transaction.jta.platform.internal.JBossAppServerJtaPlatform]
[TRACE] 2020-03-30 12:17:34.292 [main] StrategySelectorImpl - Registering named strategy selector [org.hibernate.engine.transaction.jta.platform.spi.JtaPlatform] : [org.hibernate.service.jta.platform.internal.JBossAppServerJtaPlatform] -> [org.hibernate.engine.transaction.jta.platform.internal.JBossAppServerJtaPlatform]
[TRACE] 2020-03-30 12:17:34.292 [main] StrategySelectorImpl - Registering named strategy selector [org.hibernate.engine.transaction.jta.platform.spi.JtaPlatform] : [JBossTS] -> [org.hibernate.engine.transaction.jta.platform.internal.JBossStandAloneJtaPlatform]
[TRACE] 2020-03-30 12:17:34.292 [main] StrategySelectorImpl - Registering named strategy selector [org.hibernate.engine.transaction.jta.platform.spi.JtaPlatform] : [org.hibernate.service.jta.platform.internal.JBossStandAloneJtaPlatform] -> [org.hibernate.engine.transaction.jta.platform.internal.JBossStandAloneJtaPlatform]
[TRACE] 2020-03-30 12:17:34.292 [main] StrategySelectorImpl - Registering named strategy selector [org.hibernate.engine.transaction.jta.platform.spi.JtaPlatform] : [JOnAS] -> [org.hibernate.engine.transaction.jta.platform.internal.JOnASJtaPlatform]
[TRACE] 2020-03-30 12:17:34.293 [main] StrategySelectorImpl - Registering named strategy selector [org.hibernate.engine.transaction.jta.platform.spi.JtaPlatform] : [org.hibernate.service.jta.platform.internal.JOnASJtaPlatform] -> [org.hibernate.engine.transaction.jta.platform.internal.JOnASJtaPlatform]
[TRACE] 2020-03-30 12:17:34.293 [main] StrategySelectorImpl - Registering named strategy selector [org.hibernate.engine.transaction.jta.platform.spi.JtaPlatform] : [JOTM] -> [org.hibernate.engine.transaction.jta.platform.internal.JOTMJtaPlatform]
[TRACE] 2020-03-30 12:17:34.293 [main] StrategySelectorImpl - Registering named strategy selector [org.hibernate.engine.transaction.jta.platform.spi.JtaPlatform] : [org.hibernate.service.jta.platform.internal.JOTMJtaPlatform] -> [org.hibernate.engine.transaction.jta.platform.internal.JOTMJtaPlatform]
[TRACE] 2020-03-30 12:17:34.293 [main] StrategySelectorImpl - Registering named strategy selector [org.hibernate.engine.transaction.jta.platform.spi.JtaPlatform] : [JRun4] -> [org.hibernate.engine.transaction.jta.platform.internal.JRun4JtaPlatform]
[TRACE] 2020-03-30 12:17:34.293 [main] StrategySelectorImpl - Registering named strategy selector [org.hibernate.engine.transaction.jta.platform.spi.JtaPlatform] : [org.hibernate.service.jta.platform.internal.JRun4JtaPlatform] -> [org.hibernate.engine.transaction.jta.platform.internal.JRun4JtaPlatform]
[TRACE] 2020-03-30 12:17:34.294 [main] StrategySelectorImpl - Registering named strategy selector [org.hibernate.engine.transaction.jta.platform.spi.JtaPlatform] : [OC4J] -> [org.hibernate.engine.transaction.jta.platform.internal.OC4JJtaPlatform]
[TRACE] 2020-03-30 12:17:34.294 [main] StrategySelectorImpl - Registering named strategy selector [org.hibernate.engine.transaction.jta.platform.spi.JtaPlatform] : [org.hibernate.service.jta.platform.internal.OC4JJtaPlatform] -> [org.hibernate.engine.transaction.jta.platform.internal.OC4JJtaPlatform]
[TRACE] 2020-03-30 12:17:34.294 [main] StrategySelectorImpl - Registering named strategy selector [org.hibernate.engine.transaction.jta.platform.spi.JtaPlatform] : [Orion] -> [org.hibernate.engine.transaction.jta.platform.internal.OrionJtaPlatform]
[TRACE] 2020-03-30 12:17:34.294 [main] StrategySelectorImpl - Registering named strategy selector [org.hibernate.engine.transaction.jta.platform.spi.JtaPlatform] : [org.hibernate.service.jta.platform.internal.OrionJtaPlatform] -> [org.hibernate.engine.transaction.jta.platform.internal.OrionJtaPlatform]
[TRACE] 2020-03-30 12:17:34.294 [main] StrategySelectorImpl - Registering named strategy selector [org.hibernate.engine.transaction.jta.platform.spi.JtaPlatform] : [Resin] -> [org.hibernate.engine.transaction.jta.platform.internal.ResinJtaPlatform]
[TRACE] 2020-03-30 12:17:34.294 [main] StrategySelectorImpl - Registering named strategy selector [org.hibernate.engine.transaction.jta.platform.spi.JtaPlatform] : [org.hibernate.service.jta.platform.internal.ResinJtaPlatform] -> [org.hibernate.engine.transaction.jta.platform.internal.ResinJtaPlatform]
[TRACE] 2020-03-30 12:17:34.294 [main] StrategySelectorImpl - Registering named strategy selector [org.hibernate.engine.transaction.jta.platform.spi.JtaPlatform] : [SapNetWeaver] -> [org.hibernate.engine.transaction.jta.platform.internal.SapNetWeaverJtaPlatform]
[TRACE] 2020-03-30 12:17:34.294 [main] StrategySelectorImpl - Registering named strategy selector [org.hibernate.engine.transaction.jta.platform.spi.JtaPlatform] : [org.hibernate.service.jta.platform.internal.SapNetWeaverJtaPlatform] -> [org.hibernate.engine.transaction.jta.platform.internal.SapNetWeaverJtaPlatform]
[TRACE] 2020-03-30 12:17:34.295 [main] StrategySelectorImpl - Registering named strategy selector [org.hibernate.engine.transaction.jta.platform.spi.JtaPlatform] : [SunOne] -> [org.hibernate.engine.transaction.jta.platform.internal.SunOneJtaPlatform]
[TRACE] 2020-03-30 12:17:34.295 [main] StrategySelectorImpl - Registering named strategy selector [org.hibernate.engine.transaction.jta.platform.spi.JtaPlatform] : [org.hibernate.service.jta.platform.internal.SunOneJtaPlatform] -> [org.hibernate.engine.transaction.jta.platform.internal.SunOneJtaPlatform]
[TRACE] 2020-03-30 12:17:34.295 [main] StrategySelectorImpl - Registering named strategy selector [org.hibernate.engine.transaction.jta.platform.spi.JtaPlatform] : [Weblogic] -> [org.hibernate.engine.transaction.jta.platform.internal.WeblogicJtaPlatform]
[TRACE] 2020-03-30 12:17:34.295 [main] StrategySelectorImpl - Registering named strategy selector [org.hibernate.engine.transaction.jta.platform.spi.JtaPlatform] : [org.hibernate.service.jta.platform.internal.WeblogicJtaPlatform] -> [org.hibernate.engine.transaction.jta.platform.internal.WeblogicJtaPlatform]
[TRACE] 2020-03-30 12:17:34.295 [main] StrategySelectorImpl - Registering named strategy selector [org.hibernate.engine.transaction.jta.platform.spi.JtaPlatform] : [WebSphereLiberty] -> [org.hibernate.engine.transaction.jta.platform.internal.WebSphereLibertyJtaPlatform]
[TRACE] 2020-03-30 12:17:34.295 [main] StrategySelectorImpl - Registering named strategy selector [org.hibernate.engine.transaction.jta.platform.spi.JtaPlatform] : [org.hibernate.engine.transaction.jta.platform.internal.WebSphereLibertyJtaPlatform] -> [org.hibernate.engine.transaction.jta.platform.internal.WebSphereLibertyJtaPlatform]
[TRACE] 2020-03-30 12:17:34.295 [main] StrategySelectorImpl - Registering named strategy selector [org.hibernate.engine.transaction.jta.platform.spi.JtaPlatform] : [WebSphere] -> [org.hibernate.engine.transaction.jta.platform.internal.WebSphereJtaPlatform]
[TRACE] 2020-03-30 12:17:34.295 [main] StrategySelectorImpl - Registering named strategy selector [org.hibernate.engine.transaction.jta.platform.spi.JtaPlatform] : [org.hibernate.service.jta.platform.internal.WebSphereJtaPlatform] -> [org.hibernate.engine.transaction.jta.platform.internal.WebSphereJtaPlatform]
[TRACE] 2020-03-30 12:17:34.296 [main] StrategySelectorImpl - Registering named strategy selector [org.hibernate.engine.transaction.jta.platform.spi.JtaPlatform] : [WebSphereExtended] -> [org.hibernate.engine.transaction.jta.platform.internal.WebSphereExtendedJtaPlatform]
[TRACE] 2020-03-30 12:17:34.296 [main] StrategySelectorImpl - Registering named strategy selector [org.hibernate.engine.transaction.jta.platform.spi.JtaPlatform] : [org.hibernate.service.jta.platform.internal.WebSphereExtendedJtaPlatform] -> [org.hibernate.engine.transaction.jta.platform.internal.WebSphereExtendedJtaPlatform]
[TRACE] 2020-03-30 12:17:34.296 [main] StrategySelectorImpl - Registering named strategy selector [org.hibernate.resource.transaction.spi.TransactionCoordinatorBuilder] : [jdbc] -> [org.hibernate.resource.transaction.backend.jdbc.internal.JdbcResourceLocalTransactionCoordinatorBuilderImpl]
[TRACE] 2020-03-30 12:17:34.296 [main] StrategySelectorImpl - Registering named strategy selector [org.hibernate.resource.transaction.spi.TransactionCoordinatorBuilder] : [jta] -> [org.hibernate.resource.transaction.backend.jta.internal.JtaTransactionCoordinatorBuilderImpl]
[TRACE] 2020-03-30 12:17:34.296 [main] StrategySelectorImpl - Registering named strategy selector [org.hibernate.resource.transaction.spi.TransactionCoordinatorBuilder] : [org.hibernate.transaction.JDBCTransactionFactory] -> [org.hibernate.resource.transaction.backend.jdbc.internal.JdbcResourceLocalTransactionCoordinatorBuilderImpl]
[TRACE] 2020-03-30 12:17:34.296 [main] StrategySelectorImpl - Registering named strategy selector [org.hibernate.resource.transaction.spi.TransactionCoordinatorBuilder] : [org.hibernate.transaction.JTATransactionFactory] -> [org.hibernate.resource.transaction.backend.jta.internal.JtaTransactionCoordinatorBuilderImpl]
[TRACE] 2020-03-30 12:17:34.297 [main] StrategySelectorImpl - Registering named strategy selector [org.hibernate.resource.transaction.spi.TransactionCoordinatorBuilder] : [org.hibernate.transaction.CMTTransactionFactory] -> [org.hibernate.resource.transaction.backend.jta.internal.JtaTransactionCoordinatorBuilderImpl]
[TRACE] 2020-03-30 12:17:34.297 [main] StrategySelectorImpl - Registering named strategy selector [org.hibernate.hql.spi.id.MultiTableBulkIdStrategy] : [persistent] -> [org.hibernate.hql.spi.id.persistent.PersistentTableBulkIdStrategy]
[TRACE] 2020-03-30 12:17:34.298 [main] StrategySelectorImpl - Registering named strategy selector [org.hibernate.hql.spi.id.MultiTableBulkIdStrategy] : [global_temporary] -> [org.hibernate.hql.spi.id.global.GlobalTemporaryTableBulkIdStrategy]
[TRACE] 2020-03-30 12:17:34.298 [main] StrategySelectorImpl - Registering named strategy selector [org.hibernate.hql.spi.id.MultiTableBulkIdStrategy] : [local_temporary] -> [org.hibernate.hql.spi.id.local.LocalTemporaryTableBulkIdStrategy]
[TRACE] 2020-03-30 12:17:34.298 [main] StrategySelectorImpl - Registering named strategy selector [org.hibernate.boot.model.naming.ImplicitNamingStrategy] : [default] -> [org.hibernate.boot.model.naming.ImplicitNamingStrategyJpaCompliantImpl]
[TRACE] 2020-03-30 12:17:34.298 [main] StrategySelectorImpl - Registering named strategy selector [org.hibernate.boot.model.naming.ImplicitNamingStrategy] : [jpa] -> [org.hibernate.boot.model.naming.ImplicitNamingStrategyJpaCompliantImpl]
[TRACE] 2020-03-30 12:17:34.299 [main] StrategySelectorImpl - Registering named strategy selector [org.hibernate.boot.model.naming.ImplicitNamingStrategy] : [legacy-jpa] -> [org.hibernate.boot.model.naming.ImplicitNamingStrategyLegacyJpaImpl]
[TRACE] 2020-03-30 12:17:34.299 [main] StrategySelectorImpl - Registering named strategy selector [org.hibernate.boot.model.naming.ImplicitNamingStrategy] : [legacy-hbm] -> [org.hibernate.boot.model.naming.ImplicitNamingStrategyLegacyHbmImpl]
[TRACE] 2020-03-30 12:17:34.299 [main] StrategySelectorImpl - Registering named strategy selector [org.hibernate.boot.model.naming.ImplicitNamingStrategy] : [component-path] -> [org.hibernate.boot.model.naming.ImplicitNamingStrategyComponentPathImpl]
[TRACE] 2020-03-30 12:17:34.299 [main] StrategySelectorImpl - Registering named strategy selector [org.hibernate.cache.spi.CacheKeysFactory] : [default] -> [org.hibernate.cache.internal.DefaultCacheKeysFactory]
[TRACE] 2020-03-30 12:17:34.299 [main] StrategySelectorImpl - Registering named strategy selector [org.hibernate.cache.spi.CacheKeysFactory] : [simple] -> [org.hibernate.cache.internal.SimpleCacheKeysFactory]
[TRACE] 2020-03-30 12:17:34.303 [main] StrategySelectorImpl - Registering named strategy selector [org.hibernate.engine.jdbc.connections.spi.ConnectionProvider] : [c3p0] -> [org.hibernate.c3p0.internal.C3P0ConnectionProvider]
[TRACE] 2020-03-30 12:17:34.303 [main] StrategySelectorImpl - Registering named strategy selector [org.hibernate.engine.jdbc.connections.spi.ConnectionProvider] : [C3P0ConnectionProvider] -> [org.hibernate.c3p0.internal.C3P0ConnectionProvider]
[TRACE] 2020-03-30 12:17:34.303 [main] StrategySelectorImpl - Registering named strategy selector [org.hibernate.engine.jdbc.connections.spi.ConnectionProvider] : [org.hibernate.connection.C3P0ConnectionProvider] -> [org.hibernate.c3p0.internal.C3P0ConnectionProvider]
[TRACE] 2020-03-30 12:17:34.303 [main] StrategySelectorImpl - Registering named strategy selector [org.hibernate.engine.jdbc.connections.spi.ConnectionProvider] : [org.hibernate.service.jdbc.connections.internal.C3P0ConnectionProvider] -> [org.hibernate.c3p0.internal.C3P0ConnectionProvider]
[INFO ] 2020-03-30 12:17:34.316 [main] Version - HHH000412: Hibernate Core {5.4.4.Final}
[DEBUG] 2020-03-30 12:17:34.317 [main] Environment - HHH000206: hibernate.properties not found
[TRACE] 2020-03-30 12:17:34.376 [main] ClassLoaderServiceImpl - trying via [new URL("hibernate.cfg.xml")]
[TRACE] 2020-03-30 12:17:34.376 [main] ClassLoaderServiceImpl - trying via [ClassLoader.getResourceAsStream("hibernate.cfg.xml")]
[TRACE] 2020-03-30 12:17:34.403 [main] LocalXmlResourceResolver - In resolveEntity(-//Hibernate/Hibernate Configuration DTD//EN, http://www.hibernate.org/dtd/hibernate-configuration-3.0.dtd, null, null)
[DEBUG] 2020-03-30 12:17:34.403 [main] LocalXmlResourceResolver - Interpreting public/system identifier : [-//Hibernate/Hibernate Configuration DTD//EN] - [http://www.hibernate.org/dtd/hibernate-configuration-3.0.dtd]
[DEBUG] 2020-03-30 12:17:34.403 [main] LocalXmlResourceResolver - Recognized hibernate-configuration identifier; attempting to resolve on classpath under org/hibernate/
[DEBUG] 2020-03-30 12:17:34.406 [main] JaxbCfgProcessor - cfg.xml document did not define namespaces; wrapping in custom event reader to introduce namespace information
[DEBUG] 2020-03-30 12:17:34.558 [main] ServiceBinding - Overriding existing service binding [org.hibernate.secure.spi.JaccService]
[TRACE] 2020-03-30 12:17:34.565 [main] AbstractServiceRegistryImpl - Initializing service [role=org.hibernate.engine.config.spi.ConfigurationService]
[TRACE] 2020-03-30 12:17:34.567 [main] AbstractServiceRegistryImpl - Initializing service [role=org.hibernate.cache.spi.RegionFactory]
[DEBUG] 2020-03-30 12:17:34.568 [main] RegionFactoryInitiator - Cannot default RegionFactory based on registered strategies as `[]` RegionFactory strategies were registered
[DEBUG] 2020-03-30 12:17:34.569 [main] RegionFactoryInitiator - Cache region factory : org.hibernate.cache.internal.NoCachingRegionFactory
[INFO ] 2020-03-30 12:17:34.579 [main] Version - HCANN000001: Hibernate Commons Annotations {5.1.0.Final}
[DEBUG] 2020-03-30 12:17:34.594 [main] BasicTypeRegistry - Adding type registration boolean -> org.hibernate.type.BooleanType@73ad4ecc
[DEBUG] 2020-03-30 12:17:34.594 [main] BasicTypeRegistry - Adding type registration boolean -> org.hibernate.type.BooleanType@73ad4ecc
[DEBUG] 2020-03-30 12:17:34.594 [main] BasicTypeRegistry - Adding type registration java.lang.Boolean -> org.hibernate.type.BooleanType@73ad4ecc
[DEBUG] 2020-03-30 12:17:34.595 [main] BasicTypeRegistry - Adding type registration numeric_boolean -> org.hibernate.type.NumericBooleanType@408b87aa
[DEBUG] 2020-03-30 12:17:34.595 [main] BasicTypeRegistry - Adding type registration true_false -> org.hibernate.type.TrueFalseType@76c52298
[DEBUG] 2020-03-30 12:17:34.595 [main] BasicTypeRegistry - Adding type registration yes_no -> org.hibernate.type.YesNoType@45d6ef73
[DEBUG] 2020-03-30 12:17:34.596 [main] BasicTypeRegistry - Adding type registration byte -> org.hibernate.type.ByteType@5cbd159f
[DEBUG] 2020-03-30 12:17:34.596 [main] BasicTypeRegistry - Adding type registration byte -> org.hibernate.type.ByteType@5cbd159f
[DEBUG] 2020-03-30 12:17:34.596 [main] BasicTypeRegistry - Adding type registration java.lang.Byte -> org.hibernate.type.ByteType@5cbd159f
[DEBUG] 2020-03-30 12:17:34.597 [main] BasicTypeRegistry - Adding type registration character -> org.hibernate.type.CharacterType@67b7c170
[DEBUG] 2020-03-30 12:17:34.597 [main] BasicTypeRegistry - Adding type registration char -> org.hibernate.type.CharacterType@67b7c170
[DEBUG] 2020-03-30 12:17:34.597 [main] BasicTypeRegistry - Adding type registration java.lang.Character -> org.hibernate.type.CharacterType@67b7c170
[DEBUG] 2020-03-30 12:17:34.597 [main] BasicTypeRegistry - Adding type registration short -> org.hibernate.type.ShortType@6df3e44c
[DEBUG] 2020-03-30 12:17:34.597 [main] BasicTypeRegistry - Adding type registration short -> org.hibernate.type.ShortType@6df3e44c
[DEBUG] 2020-03-30 12:17:34.597 [main] BasicTypeRegistry - Adding type registration java.lang.Short -> org.hibernate.type.ShortType@6df3e44c
[DEBUG] 2020-03-30 12:17:34.598 [main] BasicTypeRegistry - Adding type registration integer -> org.hibernate.type.IntegerType@57a48985
[DEBUG] 2020-03-30 12:17:34.598 [main] BasicTypeRegistry - Adding type registration int -> org.hibernate.type.IntegerType@57a48985
[DEBUG] 2020-03-30 12:17:34.598 [main] BasicTypeRegistry - Adding type registration java.lang.Integer -> org.hibernate.type.IntegerType@57a48985
[DEBUG] 2020-03-30 12:17:34.599 [main] BasicTypeRegistry - Adding type registration long -> org.hibernate.type.LongType@3f672204
[DEBUG] 2020-03-30 12:17:34.599 [main] BasicTypeRegistry - Adding type registration long -> org.hibernate.type.LongType@3f672204
[DEBUG] 2020-03-30 12:17:34.599 [main] BasicTypeRegistry - Adding type registration java.lang.Long -> org.hibernate.type.LongType@3f672204
[DEBUG] 2020-03-30 12:17:34.599 [main] BasicTypeRegistry - Adding type registration float -> org.hibernate.type.FloatType@7cf283e1
[DEBUG] 2020-03-30 12:17:34.599 [main] BasicTypeRegistry - Adding type registration float -> org.hibernate.type.FloatType@7cf283e1
[DEBUG] 2020-03-30 12:17:34.599 [main] BasicTypeRegistry - Adding type registration java.lang.Float -> org.hibernate.type.FloatType@7cf283e1
[DEBUG] 2020-03-30 12:17:34.600 [main] BasicTypeRegistry - Adding type registration double -> org.hibernate.type.DoubleType@557286ad
[DEBUG] 2020-03-30 12:17:34.600 [main] BasicTypeRegistry - Adding type registration double -> org.hibernate.type.DoubleType@557286ad
[DEBUG] 2020-03-30 12:17:34.600 [main] BasicTypeRegistry - Adding type registration java.lang.Double -> org.hibernate.type.DoubleType@557286ad
[DEBUG] 2020-03-30 12:17:34.600 [main] BasicTypeRegistry - Adding type registration big_decimal -> org.hibernate.type.BigDecimalType@68c87fc3
[DEBUG] 2020-03-30 12:17:34.600 [main] BasicTypeRegistry - Adding type registration java.math.BigDecimal -> org.hibernate.type.BigDecimalType@68c87fc3
[DEBUG] 2020-03-30 12:17:34.601 [main] BasicTypeRegistry - Adding type registration big_integer -> org.hibernate.type.BigIntegerType@58496dc
[DEBUG] 2020-03-30 12:17:34.601 [main] BasicTypeRegistry - Adding type registration java.math.BigInteger -> org.hibernate.type.BigIntegerType@58496dc
[DEBUG] 2020-03-30 12:17:34.601 [main] BasicTypeRegistry - Adding type registration string -> org.hibernate.type.StringType@24361cfc
[DEBUG] 2020-03-30 12:17:34.601 [main] BasicTypeRegistry - Adding type registration java.lang.String -> org.hibernate.type.StringType@24361cfc
[DEBUG] 2020-03-30 12:17:34.601 [main] BasicTypeRegistry - Adding type registration nstring -> org.hibernate.type.StringNVarcharType@6eb82908
[DEBUG] 2020-03-30 12:17:34.602 [main] BasicTypeRegistry - Adding type registration ncharacter -> org.hibernate.type.CharacterNCharType@f2ce6b
[DEBUG] 2020-03-30 12:17:34.602 [main] BasicTypeRegistry - Adding type registration url -> org.hibernate.type.UrlType@38eb2c50
[DEBUG] 2020-03-30 12:17:34.602 [main] BasicTypeRegistry - Adding type registration java.net.URL -> org.hibernate.type.UrlType@38eb2c50
[DEBUG] 2020-03-30 12:17:34.603 [main] BasicTypeRegistry - Adding type registration Duration -> org.hibernate.type.DurationType@56d93692
[DEBUG] 2020-03-30 12:17:34.603 [main] BasicTypeRegistry - Adding type registration java.time.Duration -> org.hibernate.type.DurationType@56d93692
[DEBUG] 2020-03-30 12:17:34.605 [main] BasicTypeRegistry - Adding type registration Instant -> org.hibernate.type.InstantType@3cec79d3
[DEBUG] 2020-03-30 12:17:34.605 [main] BasicTypeRegistry - Adding type registration java.time.Instant -> org.hibernate.type.InstantType@3cec79d3
[DEBUG] 2020-03-30 12:17:34.606 [main] BasicTypeRegistry - Adding type registration LocalDateTime -> org.hibernate.type.LocalDateTimeType@7c1812b3
[DEBUG] 2020-03-30 12:17:34.606 [main] BasicTypeRegistry - Adding type registration java.time.LocalDateTime -> org.hibernate.type.LocalDateTimeType@7c1812b3
[DEBUG] 2020-03-30 12:17:34.607 [main] BasicTypeRegistry - Adding type registration LocalDate -> org.hibernate.type.LocalDateType@67c119b7
[DEBUG] 2020-03-30 12:17:34.607 [main] BasicTypeRegistry - Adding type registration java.time.LocalDate -> org.hibernate.type.LocalDateType@67c119b7
[DEBUG] 2020-03-30 12:17:34.607 [main] BasicTypeRegistry - Adding type registration LocalTime -> org.hibernate.type.LocalTimeType@53c68ce
[DEBUG] 2020-03-30 12:17:34.607 [main] BasicTypeRegistry - Adding type registration java.time.LocalTime -> org.hibernate.type.LocalTimeType@53c68ce
[DEBUG] 2020-03-30 12:17:34.608 [main] BasicTypeRegistry - Adding type registration OffsetDateTime -> org.hibernate.type.OffsetDateTimeType@376e7531
[DEBUG] 2020-03-30 12:17:34.608 [main] BasicTypeRegistry - Adding type registration java.time.OffsetDateTime -> org.hibernate.type.OffsetDateTimeType@376e7531
[DEBUG] 2020-03-30 12:17:34.609 [main] BasicTypeRegistry - Adding type registration OffsetTime -> org.hibernate.type.OffsetTimeType@3506d826
[DEBUG] 2020-03-30 12:17:34.609 [main] BasicTypeRegistry - Adding type registration java.time.OffsetTime -> org.hibernate.type.OffsetTimeType@3506d826
[DEBUG] 2020-03-30 12:17:34.610 [main] BasicTypeRegistry - Adding type registration ZonedDateTime -> org.hibernate.type.ZonedDateTimeType@50acf55d
[DEBUG] 2020-03-30 12:17:34.610 [main] BasicTypeRegistry - Adding type registration java.time.ZonedDateTime -> org.hibernate.type.ZonedDateTimeType@50acf55d
[DEBUG] 2020-03-30 12:17:34.611 [main] BasicTypeRegistry - Adding type registration date -> org.hibernate.type.DateType@c6634d
[DEBUG] 2020-03-30 12:17:34.611 [main] BasicTypeRegistry - Adding type registration java.sql.Date -> org.hibernate.type.DateType@c6634d
[DEBUG] 2020-03-30 12:17:34.611 [main] BasicTypeRegistry - Adding type registration time -> org.hibernate.type.TimeType@6401d0a0
[DEBUG] 2020-03-30 12:17:34.611 [main] BasicTypeRegistry - Adding type registration java.sql.Time -> org.hibernate.type.TimeType@6401d0a0
[DEBUG] 2020-03-30 12:17:34.612 [main] BasicTypeRegistry - Adding type registration timestamp -> org.hibernate.type.TimestampType@30501e60
[DEBUG] 2020-03-30 12:17:34.612 [main] BasicTypeRegistry - Adding type registration java.sql.Timestamp -> org.hibernate.type.TimestampType@30501e60
[DEBUG] 2020-03-30 12:17:34.612 [main] BasicTypeRegistry - Adding type registration java.util.Date -> org.hibernate.type.TimestampType@30501e60
[DEBUG] 2020-03-30 12:17:34.612 [main] BasicTypeRegistry - Adding type registration dbtimestamp -> org.hibernate.type.DbTimestampType@4cb0a000
[DEBUG] 2020-03-30 12:17:34.613 [main] BasicTypeRegistry - Adding type registration calendar -> org.hibernate.type.CalendarType@41b0ae4c
[DEBUG] 2020-03-30 12:17:34.613 [main] BasicTypeRegistry - Adding type registration java.util.Calendar -> org.hibernate.type.CalendarType@41b0ae4c
[DEBUG] 2020-03-30 12:17:34.613 [main] BasicTypeRegistry - Adding type registration java.util.GregorianCalendar -> org.hibernate.type.CalendarType@41b0ae4c
[DEBUG] 2020-03-30 12:17:34.613 [main] BasicTypeRegistry - Adding type registration calendar_date -> org.hibernate.type.CalendarDateType@1cb37ee4
[DEBUG] 2020-03-30 12:17:34.614 [main] BasicTypeRegistry - Adding type registration locale -> org.hibernate.type.LocaleType@58a63629
[DEBUG] 2020-03-30 12:17:34.614 [main] BasicTypeRegistry - Adding type registration java.util.Locale -> org.hibernate.type.LocaleType@58a63629
[DEBUG] 2020-03-30 12:17:34.614 [main] BasicTypeRegistry - Adding type registration currency -> org.hibernate.type.CurrencyType@3ece1e79
[DEBUG] 2020-03-30 12:17:34.615 [main] BasicTypeRegistry - Adding type registration java.util.Currency -> org.hibernate.type.CurrencyType@3ece1e79
[DEBUG] 2020-03-30 12:17:34.615 [main] BasicTypeRegistry - Adding type registration timezone -> org.hibernate.type.TimeZoneType@d5ce97f
[DEBUG] 2020-03-30 12:17:34.615 [main] BasicTypeRegistry - Adding type registration java.util.TimeZone -> org.hibernate.type.TimeZoneType@d5ce97f
[DEBUG] 2020-03-30 12:17:34.615 [main] BasicTypeRegistry - Adding type registration class -> org.hibernate.type.ClassType@70101687
[DEBUG] 2020-03-30 12:17:34.615 [main] BasicTypeRegistry - Adding type registration java.lang.Class -> org.hibernate.type.ClassType@70101687
[DEBUG] 2020-03-30 12:17:34.616 [main] BasicTypeRegistry - Adding type registration uuid-binary -> org.hibernate.type.UUIDBinaryType@4d7aaca2
[DEBUG] 2020-03-30 12:17:34.616 [main] BasicTypeRegistry - Adding type registration java.util.UUID -> org.hibernate.type.UUIDBinaryType@4d7aaca2
[DEBUG] 2020-03-30 12:17:34.616 [main] BasicTypeRegistry - Adding type registration uuid-char -> org.hibernate.type.UUIDCharType@37191ef0
[DEBUG] 2020-03-30 12:17:34.617 [main] BasicTypeRegistry - Adding type registration binary -> org.hibernate.type.BinaryType@75798d03
[DEBUG] 2020-03-30 12:17:34.617 [main] BasicTypeRegistry - Adding type registration byte[] -> org.hibernate.type.BinaryType@75798d03
[DEBUG] 2020-03-30 12:17:34.617 [main] BasicTypeRegistry - Adding type registration [B -> org.hibernate.type.BinaryType@75798d03
[DEBUG] 2020-03-30 12:17:34.617 [main] BasicTypeRegistry - Adding type registration wrapper-binary -> org.hibernate.type.WrapperBinaryType@3ae2ed38
[DEBUG] 2020-03-30 12:17:34.617 [main] BasicTypeRegistry - Adding type registration Byte[] -> org.hibernate.type.WrapperBinaryType@3ae2ed38
[DEBUG] 2020-03-30 12:17:34.618 [main] BasicTypeRegistry - Adding type registration [Ljava.lang.Byte; -> org.hibernate.type.WrapperBinaryType@3ae2ed38
[DEBUG] 2020-03-30 12:17:34.618 [main] BasicTypeRegistry - Adding type registration row_version -> org.hibernate.type.RowVersionType@342726f1
[DEBUG] 2020-03-30 12:17:34.618 [main] BasicTypeRegistry - Adding type registration image -> org.hibernate.type.ImageType@67110f71
[DEBUG] 2020-03-30 12:17:34.619 [main] BasicTypeRegistry - Adding type registration characters -> org.hibernate.type.CharArrayType@4ab550d5
[DEBUG] 2020-03-30 12:17:34.619 [main] BasicTypeRegistry - Adding type registration char[] -> org.hibernate.type.CharArrayType@4ab550d5
[DEBUG] 2020-03-30 12:17:34.619 [main] BasicTypeRegistry - Adding type registration [C -> org.hibernate.type.CharArrayType@4ab550d5
[DEBUG] 2020-03-30 12:17:34.619 [main] BasicTypeRegistry - Adding type registration wrapper-characters -> org.hibernate.type.CharacterArrayType@4df39a88
[DEBUG] 2020-03-30 12:17:34.619 [main] BasicTypeRegistry - Adding type registration [Ljava.lang.Character; -> org.hibernate.type.CharacterArrayType@4df39a88
[DEBUG] 2020-03-30 12:17:34.619 [main] BasicTypeRegistry - Adding type registration Character[] -> org.hibernate.type.CharacterArrayType@4df39a88
[DEBUG] 2020-03-30 12:17:34.620 [main] BasicTypeRegistry - Adding type registration text -> org.hibernate.type.TextType@60acd609
[DEBUG] 2020-03-30 12:17:34.620 [main] BasicTypeRegistry - Adding type registration ntext -> org.hibernate.type.NTextType@598260a6
[DEBUG] 2020-03-30 12:17:34.620 [main] BasicTypeRegistry - Adding type registration blob -> org.hibernate.type.BlobType@55ec556
[DEBUG] 2020-03-30 12:17:34.621 [main] BasicTypeRegistry - Adding type registration java.sql.Blob -> org.hibernate.type.BlobType@55ec556
[DEBUG] 2020-03-30 12:17:34.621 [main] BasicTypeRegistry - Adding type registration materialized_blob -> org.hibernate.type.MaterializedBlobType@38018b62
[DEBUG] 2020-03-30 12:17:34.621 [main] BasicTypeRegistry - Adding type registration clob -> org.hibernate.type.ClobType@270b6b5e
[DEBUG] 2020-03-30 12:17:34.621 [main] BasicTypeRegistry - Adding type registration java.sql.Clob -> org.hibernate.type.ClobType@270b6b5e
[DEBUG] 2020-03-30 12:17:34.622 [main] BasicTypeRegistry - Adding type registration nclob -> org.hibernate.type.NClobType@c1fa7d4
[DEBUG] 2020-03-30 12:17:34.622 [main] BasicTypeRegistry - Adding type registration java.sql.NClob -> org.hibernate.type.NClobType@c1fa7d4
[DEBUG] 2020-03-30 12:17:34.622 [main] BasicTypeRegistry - Adding type registration materialized_clob -> org.hibernate.type.MaterializedClobType@7a8136b3
[DEBUG] 2020-03-30 12:17:34.622 [main] BasicTypeRegistry - Adding type registration materialized_nclob -> org.hibernate.type.MaterializedNClobType@64412d34
[DEBUG] 2020-03-30 12:17:34.623 [main] BasicTypeRegistry - Adding type registration serializable -> org.hibernate.type.SerializableType@64355120
[DEBUG] 2020-03-30 12:17:34.625 [main] BasicTypeRegistry - Adding type registration object -> org.hibernate.type.ObjectType@7c84195
[DEBUG] 2020-03-30 12:17:34.625 [main] BasicTypeRegistry - Adding type registration java.lang.Object -> org.hibernate.type.ObjectType@7c84195
[DEBUG] 2020-03-30 12:17:34.625 [main] BasicTypeRegistry - Adding type registration imm_date -> org.hibernate.type.AdaptedImmutableType@66153688
[DEBUG] 2020-03-30 12:17:34.625 [main] BasicTypeRegistry - Adding type registration imm_time -> org.hibernate.type.AdaptedImmutableType@455824ad
[DEBUG] 2020-03-30 12:17:34.625 [main] BasicTypeRegistry - Adding type registration imm_timestamp -> org.hibernate.type.AdaptedImmutableType@7318daf8
[DEBUG] 2020-03-30 12:17:34.625 [main] BasicTypeRegistry - Adding type registration imm_dbtimestamp -> org.hibernate.type.AdaptedImmutableType@70f31322
[DEBUG] 2020-03-30 12:17:34.625 [main] BasicTypeRegistry - Adding type registration imm_calendar -> org.hibernate.type.AdaptedImmutableType@3f1ddac2
[DEBUG] 2020-03-30 12:17:34.625 [main] BasicTypeRegistry - Adding type registration imm_calendar_date -> org.hibernate.type.AdaptedImmutableType@3be4fcc0
[DEBUG] 2020-03-30 12:17:34.625 [main] BasicTypeRegistry - Adding type registration imm_binary -> org.hibernate.type.AdaptedImmutableType@e1e2e5e
[DEBUG] 2020-03-30 12:17:34.625 [main] BasicTypeRegistry - Adding type registration imm_serializable -> org.hibernate.type.AdaptedImmutableType@661c46bc
[TRACE] 2020-03-30 12:17:34.631 [main] AbstractServiceRegistryImpl - Initializing service [role=org.hibernate.boot.cfgxml.spi.CfgXmlAccessService]
[TRACE] 2020-03-30 12:17:34.639 [main] AbstractServiceRegistryImpl - Initializing service [role=org.hibernate.id.factory.spi.MutableIdentifierGeneratorFactory]
[DEBUG] 2020-03-30 12:17:34.641 [main] DefaultIdentifierGeneratorFactory - Registering IdentifierGenerator strategy [uuid2] -> [org.hibernate.id.UUIDGenerator]
[DEBUG] 2020-03-30 12:17:34.641 [main] DefaultIdentifierGeneratorFactory - Registering IdentifierGenerator strategy [guid] -> [org.hibernate.id.GUIDGenerator]
[DEBUG] 2020-03-30 12:17:34.641 [main] DefaultIdentifierGeneratorFactory - Registering IdentifierGenerator strategy [uuid] -> [org.hibernate.id.UUIDHexGenerator]
[DEBUG] 2020-03-30 12:17:34.641 [main] DefaultIdentifierGeneratorFactory - Registering IdentifierGenerator strategy [uuid.hex] -> [org.hibernate.id.UUIDHexGenerator]
[DEBUG] 2020-03-30 12:17:34.641 [main] DefaultIdentifierGeneratorFactory - Registering IdentifierGenerator strategy [assigned] -> [org.hibernate.id.Assigned]
[DEBUG] 2020-03-30 12:17:34.642 [main] DefaultIdentifierGeneratorFactory - Registering IdentifierGenerator strategy [identity] -> [org.hibernate.id.IdentityGenerator]
[DEBUG] 2020-03-30 12:17:34.642 [main] DefaultIdentifierGeneratorFactory - Registering IdentifierGenerator strategy [select] -> [org.hibernate.id.SelectGenerator]
[DEBUG] 2020-03-30 12:17:34.643 [main] DefaultIdentifierGeneratorFactory - Registering IdentifierGenerator strategy [sequence] -> [org.hibernate.id.enhanced.SequenceStyleGenerator]
[DEBUG] 2020-03-30 12:17:34.643 [main] DefaultIdentifierGeneratorFactory - Registering IdentifierGenerator strategy [seqhilo] -> [org.hibernate.id.SequenceHiLoGenerator]
[DEBUG] 2020-03-30 12:17:34.643 [main] DefaultIdentifierGeneratorFactory - Registering IdentifierGenerator strategy [increment] -> [org.hibernate.id.IncrementGenerator]
[DEBUG] 2020-03-30 12:17:34.644 [main] DefaultIdentifierGeneratorFactory - Registering IdentifierGenerator strategy [foreign] -> [org.hibernate.id.ForeignGenerator]
[DEBUG] 2020-03-30 12:17:34.644 [main] DefaultIdentifierGeneratorFactory - Registering IdentifierGenerator strategy [sequence-identity] -> [org.hibernate.id.SequenceIdentityGenerator]
[DEBUG] 2020-03-30 12:17:34.644 [main] DefaultIdentifierGeneratorFactory - Registering IdentifierGenerator strategy [enhanced-sequence] -> [org.hibernate.id.enhanced.SequenceStyleGenerator]
[DEBUG] 2020-03-30 12:17:34.644 [main] DefaultIdentifierGeneratorFactory - Registering IdentifierGenerator strategy [enhanced-table] -> [org.hibernate.id.enhanced.TableGenerator]
[TRACE] 2020-03-30 12:17:34.645 [main] AbstractServiceRegistryImpl - Initializing service [role=org.hibernate.engine.jdbc.env.spi.JdbcEnvironment]
[TRACE] 2020-03-30 12:17:34.645 [main] AbstractServiceRegistryImpl - Initializing service [role=org.hibernate.engine.jdbc.dialect.spi.DialectFactory]
[TRACE] 2020-03-30 12:17:34.645 [main] AbstractServiceRegistryImpl - Initializing service [role=org.hibernate.engine.jdbc.dialect.spi.DialectResolver]
[TRACE] 2020-03-30 12:17:34.646 [main] AbstractServiceRegistryImpl - Initializing service [role=org.hibernate.engine.jdbc.connections.spi.ConnectionProvider]
[INFO ] 2020-03-30 12:17:34.648 [main] C3P0ConnectionProvider - HHH010002: C3P0 using driver: com.mysql.cj.jdbc.Driver at URL: jdbc:mysql://localhost:3306/treat_tracker_test
[INFO ] 2020-03-30 12:17:34.648 [main] C3P0ConnectionProvider - HHH10001001: Connection properties: {password=****, user=root}
[INFO ] 2020-03-30 12:17:34.648 [main] C3P0ConnectionProvider - HHH10001003: Autocommit mode: false
[INFO ] 2020-03-30 12:17:34.707 [main] C3P0ConnectionProvider - HHH10001007: JDBC isolation level: <unknown>
[DEBUG] 2020-03-30 12:17:34.773 [main] JdbcEnvironmentInitiator - Database ->
       name : MySQL
    version : 5.7.29-0ubuntu0.18.04.1
      major : 5
      minor : 7
[DEBUG] 2020-03-30 12:17:34.773 [main] JdbcEnvironmentInitiator - Driver ->
       name : MySQL Connector/J
    version : mysql-connector-java-8.0.16 (Revision: 34cbc6bc61f72836e26327537a432d6db7c77de6)
      major : 8
      minor : 0
[DEBUG] 2020-03-30 12:17:34.773 [main] JdbcEnvironmentInitiator - JDBC version : 4.2
[INFO ] 2020-03-30 12:17:34.785 [main] Dialect - HHH000400: Using dialect: org.hibernate.dialect.MySQL57Dialect
[DEBUG] 2020-03-30 12:17:34.794 [main] IdentifierHelperBuilder - JDBC driver metadata reported database stores quoted identifiers in more than one case
[DEBUG] 2020-03-30 12:17:34.797 [main] IdentifierHelperBuilder - IdentifierCaseStrategy for both quoted and unquoted identifiers was set to the same strategy [MIXED]; that will likely lead to problems in schema update and validation if using quoted identifiers
[TRACE] 2020-03-30 12:17:34.814 [main] NormalizingIdentifierHelperImpl - Normalizing identifier quoting [treat_tracker_test]
[TRACE] 2020-03-30 12:17:34.814 [main] NormalizingIdentifierHelperImpl - Normalizing identifier quoting [null]
[TRACE] 2020-03-30 12:17:34.821 [main] AbstractServiceRegistryImpl - Initializing service [role=org.hibernate.engine.jdbc.spi.JdbcServices]
[DEBUG] 2020-03-30 12:17:34.822 [main] Namespace - Created database namespace [logicalName=Name{catalog=null, schema=null}, physicalName=Name{catalog=null, schema=null}]
[DEBUG] 2020-03-30 12:17:34.824 [main] TypeConfiguration$Scope - Scoping TypeConfiguration [org.hibernate.type.spi.TypeConfiguration@4ce94d2f] to MetadataBuildingContext [org.hibernate.boot.internal.MetadataBuildingContextRootImpl@68ab0936]
[DEBUG] 2020-03-30 12:17:34.844 [main] AnnotationMetadataSourceProcessorImpl - Encountered a non-categorized annotated class [com.yiaxiong.treattracker.entity.Role]; ignoring
[DEBUG] 2020-03-30 12:17:34.852 [main] AnnotationBinder - Binding entity from annotated class: com.yiaxiong.treattracker.entity.User
[TRACE] 2020-03-30 12:17:34.863 [main] NormalizingIdentifierHelperImpl - Normalizing identifier quoting [DTYPE]
[DEBUG] 2020-03-30 12:17:34.863 [main] Ejb3Column - Binding column: Ejb3DiscriminatorColumn{logicalColumnName'DTYPE', discriminatorTypeName='string'}
[DEBUG] 2020-03-30 12:17:34.865 [main] EntityBinder - Import with entity name User
[TRACE] 2020-03-30 12:17:34.865 [main] InFlightMetadataCollectorImpl - Import: User -> com.yiaxiong.treattracker.entity.User
[TRACE] 2020-03-30 12:17:34.865 [main] InFlightMetadataCollectorImpl - Import: com.yiaxiong.treattracker.entity.User -> com.yiaxiong.treattracker.entity.User
[TRACE] 2020-03-30 12:17:34.866 [main] NormalizingIdentifierHelperImpl - Normalizing identifier quoting [user]
[TRACE] 2020-03-30 12:17:34.866 [main] NormalizingIdentifierHelperImpl - Normalizing identifier quoting [user]
[DEBUG] 2020-03-30 12:17:34.867 [main] EntityBinder - Bind entity com.yiaxiong.treattracker.entity.User on table user
[TRACE] 2020-03-30 12:17:34.879 [main] AnnotationBinder - Processing annotations of com.yiaxiong.treattracker.entity.User.id
[TRACE] 2020-03-30 12:17:34.881 [main] NormalizingIdentifierHelperImpl - Normalizing identifier quoting [id]
[TRACE] 2020-03-30 12:17:34.881 [main] NormalizingIdentifierHelperImpl - Normalizing identifier quoting [id]
[DEBUG] 2020-03-30 12:17:34.881 [main] Ejb3Column - Binding column: Ejb3Column{table=org.hibernate.mapping.Table(user), mappingColumn=id, insertable=true, updatable=true, unique=false}
[DEBUG] 2020-03-30 12:17:34.883 [main] PropertyBinder - MetadataSourceProcessor property id with lazy=false
[DEBUG] 2020-03-30 12:17:34.884 [main] AbstractPropertyHolder - Attempting to locate auto-apply AttributeConverter for property [com.yiaxiong.treattracker.entity.User:id]
[DEBUG] 2020-03-30 12:17:34.885 [main] SimpleValueBinder - building SimpleValue for id
[TRACE] 2020-03-30 12:17:34.886 [main] NormalizingIdentifierHelperImpl - Normalizing identifier quoting [id]
[TRACE] 2020-03-30 12:17:34.886 [main] NormalizingIdentifierHelperImpl - Normalizing identifier quoting [id]
[TRACE] 2020-03-30 12:17:34.886 [main] NormalizingIdentifierHelperImpl - Normalizing identifier quoting [id]
[DEBUG] 2020-03-30 12:17:34.886 [main] PropertyBinder - Building property id
[TRACE] 2020-03-30 12:17:34.887 [main] PropertyBinder - Cascading id with null
[TRACE] 2020-03-30 12:17:34.888 [main] AnnotationBinder - Add generic generator with name: native
[DEBUG] 2020-03-30 12:17:34.888 [main] BinderHelper - #makeIdGenerator(org.hibernate.mapping.SimpleValue([org.hibernate.mapping.Column(id)]), id, org.hibernate.id.enhanced.SequenceStyleGenerator, native, ...)
[TRACE] 2020-03-30 12:17:34.889 [main] AnnotationBinder - Bind @Id on id
[TRACE] 2020-03-30 12:17:34.889 [main] AnnotationBinder - Processing annotations of com.yiaxiong.treattracker.entity.User.email
[TRACE] 2020-03-30 12:17:34.889 [main] NormalizingIdentifierHelperImpl - Normalizing identifier quoting [email]
[TRACE] 2020-03-30 12:17:34.889 [main] NormalizingIdentifierHelperImpl - Normalizing identifier quoting [email]
[DEBUG] 2020-03-30 12:17:34.889 [main] Ejb3Column - Binding column: Ejb3Column{table=org.hibernate.mapping.Table(user), mappingColumn=email, insertable=true, updatable=true, unique=false}
[DEBUG] 2020-03-30 12:17:34.889 [main] PropertyBinder - MetadataSourceProcessor property email with lazy=false
[DEBUG] 2020-03-30 12:17:34.889 [main] AbstractPropertyHolder - Attempting to locate auto-apply AttributeConverter for property [com.yiaxiong.treattracker.entity.User:email]
[DEBUG] 2020-03-30 12:17:34.889 [main] SimpleValueBinder - building SimpleValue for email
[TRACE] 2020-03-30 12:17:34.889 [main] NormalizingIdentifierHelperImpl - Normalizing identifier quoting [email]
[TRACE] 2020-03-30 12:17:34.889 [main] NormalizingIdentifierHelperImpl - Normalizing identifier quoting [email]
[TRACE] 2020-03-30 12:17:34.889 [main] NormalizingIdentifierHelperImpl - Normalizing identifier quoting [email]
[DEBUG] 2020-03-30 12:17:34.889 [main] PropertyBinder - Building property email
[TRACE] 2020-03-30 12:17:34.890 [main] PropertyBinder - Cascading email with null
[TRACE] 2020-03-30 12:17:34.890 [main] AnnotationBinder - Processing annotations of com.yiaxiong.treattracker.entity.User.firstName
[TRACE] 2020-03-30 12:17:34.890 [main] NormalizingIdentifierHelperImpl - Normalizing identifier quoting [firstName]
[TRACE] 2020-03-30 12:17:34.890 [main] NormalizingIdentifierHelperImpl - Normalizing identifier quoting [firstName]
[DEBUG] 2020-03-30 12:17:34.890 [main] Ejb3Column - Binding column: Ejb3Column{table=org.hibernate.mapping.Table(user), mappingColumn=firstName, insertable=true, updatable=true, unique=false}
[DEBUG] 2020-03-30 12:17:34.890 [main] PropertyBinder - MetadataSourceProcessor property firstName with lazy=false
[DEBUG] 2020-03-30 12:17:34.890 [main] AbstractPropertyHolder - Attempting to locate auto-apply AttributeConverter for property [com.yiaxiong.treattracker.entity.User:firstName]
[DEBUG] 2020-03-30 12:17:34.890 [main] SimpleValueBinder - building SimpleValue for firstName
[TRACE] 2020-03-30 12:17:34.890 [main] NormalizingIdentifierHelperImpl - Normalizing identifier quoting [firstName]
[TRACE] 2020-03-30 12:17:34.890 [main] NormalizingIdentifierHelperImpl - Normalizing identifier quoting [firstName]
[TRACE] 2020-03-30 12:17:34.890 [main] NormalizingIdentifierHelperImpl - Normalizing identifier quoting [firstName]
[DEBUG] 2020-03-30 12:17:34.890 [main] PropertyBinder - Building property firstName
[TRACE] 2020-03-30 12:17:34.890 [main] PropertyBinder - Cascading firstName with null
[TRACE] 2020-03-30 12:17:34.890 [main] AnnotationBinder - Processing annotations of com.yiaxiong.treattracker.entity.User.incidents
[DEBUG] 2020-03-30 12:17:34.891 [main] Ejb3Column - Binding column: Ejb3JoinColumn{logicalColumnName='null', referencedColumn='null', mappedBy='user'}
[TRACE] 2020-03-30 12:17:34.891 [main] NormalizingIdentifierHelperImpl - Normalizing identifier quoting [incidents]
[TRACE] 2020-03-30 12:17:34.891 [main] NormalizingIdentifierHelperImpl - Normalizing identifier quoting [incidents]
[DEBUG] 2020-03-30 12:17:34.891 [main] Ejb3Column - Binding column: Ejb3Column{table=org.hibernate.mapping.Table(user), mappingColumn=incidents, insertable=true, updatable=true, unique=false}
[DEBUG] 2020-03-30 12:17:34.892 [main] Ejb3Column - Binding column: Ejb3Column{table=org.hibernate.mapping.Table(user), mappingColumn=null, insertable=true, updatable=true, unique=false}
[TRACE] 2020-03-30 12:17:34.896 [main] NormalizingIdentifierHelperImpl - Normalizing identifier quoting [element]
[TRACE] 2020-03-30 12:17:34.896 [main] NormalizingIdentifierHelperImpl - Normalizing identifier quoting [element]
[DEBUG] 2020-03-30 12:17:34.896 [main] Ejb3Column - Binding column: Ejb3Column{table=org.hibernate.mapping.Table(user), mappingColumn=element, insertable=true, updatable=true, unique=false}
[TRACE] 2020-03-30 12:17:34.897 [main] NormalizingIdentifierHelperImpl - Normalizing identifier quoting [incidents_KEY]
[DEBUG] 2020-03-30 12:17:34.897 [main] Ejb3Column - Binding column: Ejb3Column{table=org.hibernate.mapping.Table(user), mappingColumn=incidents_KEY, insertable=true, updatable=true, unique=false}
[TRACE] 2020-03-30 12:17:34.897 [main] NormalizingIdentifierHelperImpl - Normalizing identifier quoting [incidents_KEY]
[DEBUG] 2020-03-30 12:17:34.897 [main] Ejb3Column - Binding column: Ejb3JoinColumn{logicalColumnName='incidents_KEY', referencedColumn='null', mappedBy='null'}
[DEBUG] 2020-03-30 12:17:34.898 [main] Ejb3Column - Binding column: Ejb3JoinColumn{logicalColumnName='null', referencedColumn='null', mappedBy='user'}
[DEBUG] 2020-03-30 12:17:34.898 [main] Ejb3Column - Binding column: Ejb3JoinColumn{logicalColumnName='null', referencedColumn='null', mappedBy='user'}
[DEBUG] 2020-03-30 12:17:34.898 [main] CollectionBinder - Collection role: com.yiaxiong.treattracker.entity.User.incidents
[DEBUG] 2020-03-30 12:17:34.899 [main] PropertyBinder - Building property incidents
[TRACE] 2020-03-30 12:17:34.900 [main] PropertyBinder - Cascading incidents with all,delete,delete-orphan
[TRACE] 2020-03-30 12:17:34.900 [main] AnnotationBinder - Processing annotations of com.yiaxiong.treattracker.entity.User.lastName
[TRACE] 2020-03-30 12:17:34.900 [main] NormalizingIdentifierHelperImpl - Normalizing identifier quoting [lastName]
[TRACE] 2020-03-30 12:17:34.900 [main] NormalizingIdentifierHelperImpl - Normalizing identifier quoting [lastName]
[DEBUG] 2020-03-30 12:17:34.900 [main] Ejb3Column - Binding column: Ejb3Column{table=org.hibernate.mapping.Table(user), mappingColumn=lastName, insertable=true, updatable=true, unique=false}
[DEBUG] 2020-03-30 12:17:34.900 [main] PropertyBinder - MetadataSourceProcessor property lastName with lazy=false
[DEBUG] 2020-03-30 12:17:34.900 [main] AbstractPropertyHolder - Attempting to locate auto-apply AttributeConverter for property [com.yiaxiong.treattracker.entity.User:lastName]
[DEBUG] 2020-03-30 12:17:34.900 [main] SimpleValueBinder - building SimpleValue for lastName
[TRACE] 2020-03-30 12:17:34.900 [main] NormalizingIdentifierHelperImpl - Normalizing identifier quoting [lastName]
[TRACE] 2020-03-30 12:17:34.900 [main] NormalizingIdentifierHelperImpl - Normalizing identifier quoting [lastName]
[TRACE] 2020-03-30 12:17:34.900 [main] NormalizingIdentifierHelperImpl - Normalizing identifier quoting [lastName]
[DEBUG] 2020-03-30 12:17:34.900 [main] PropertyBinder - Building property lastName
[TRACE] 2020-03-30 12:17:34.900 [main] PropertyBinder - Cascading lastName with null
[TRACE] 2020-03-30 12:17:34.900 [main] AnnotationBinder - Processing annotations of com.yiaxiong.treattracker.entity.User.password
[TRACE] 2020-03-30 12:17:34.900 [main] NormalizingIdentifierHelperImpl - Normalizing identifier quoting [password]
[TRACE] 2020-03-30 12:17:34.900 [main] NormalizingIdentifierHelperImpl - Normalizing identifier quoting [password]
[DEBUG] 2020-03-30 12:17:34.900 [main] Ejb3Column - Binding column: Ejb3Column{table=org.hibernate.mapping.Table(user), mappingColumn=password, insertable=true, updatable=true, unique=false}
[DEBUG] 2020-03-30 12:17:34.900 [main] PropertyBinder - MetadataSourceProcessor property password with lazy=false
[DEBUG] 2020-03-30 12:17:34.901 [main] AbstractPropertyHolder - Attempting to locate auto-apply AttributeConverter for property [com.yiaxiong.treattracker.entity.User:password]
[DEBUG] 2020-03-30 12:17:34.901 [main] SimpleValueBinder - building SimpleValue for password
[TRACE] 2020-03-30 12:17:34.901 [main] NormalizingIdentifierHelperImpl - Normalizing identifier quoting [password]
[TRACE] 2020-03-30 12:17:34.901 [main] NormalizingIdentifierHelperImpl - Normalizing identifier quoting [password]
[TRACE] 2020-03-30 12:17:34.901 [main] NormalizingIdentifierHelperImpl - Normalizing identifier quoting [password]
[DEBUG] 2020-03-30 12:17:34.901 [main] PropertyBinder - Building property password
[TRACE] 2020-03-30 12:17:34.901 [main] PropertyBinder - Cascading password with null
[TRACE] 2020-03-30 12:17:34.901 [main] AnnotationBinder - Processing annotations of com.yiaxiong.treattracker.entity.User.userName
[TRACE] 2020-03-30 12:17:34.901 [main] NormalizingIdentifierHelperImpl - Normalizing identifier quoting [userName]
[TRACE] 2020-03-30 12:17:34.901 [main] NormalizingIdentifierHelperImpl - Normalizing identifier quoting [userName]
[DEBUG] 2020-03-30 12:17:34.901 [main] Ejb3Column - Binding column: Ejb3Column{table=org.hibernate.mapping.Table(user), mappingColumn=userName, insertable=true, updatable=true, unique=false}
[DEBUG] 2020-03-30 12:17:34.901 [main] PropertyBinder - MetadataSourceProcessor property userName with lazy=false
[DEBUG] 2020-03-30 12:17:34.901 [main] AbstractPropertyHolder - Attempting to locate auto-apply AttributeConverter for property [com.yiaxiong.treattracker.entity.User:userName]
[DEBUG] 2020-03-30 12:17:34.901 [main] SimpleValueBinder - building SimpleValue for userName
[TRACE] 2020-03-30 12:17:34.901 [main] NormalizingIdentifierHelperImpl - Normalizing identifier quoting [userName]
[TRACE] 2020-03-30 12:17:34.901 [main] NormalizingIdentifierHelperImpl - Normalizing identifier quoting [userName]
[TRACE] 2020-03-30 12:17:34.901 [main] NormalizingIdentifierHelperImpl - Normalizing identifier quoting [userName]
[DEBUG] 2020-03-30 12:17:34.901 [main] PropertyBinder - Building property userName
[TRACE] 2020-03-30 12:17:34.901 [main] PropertyBinder - Cascading userName with null
[DEBUG] 2020-03-30 12:17:34.902 [main] AnnotationBinder - Binding entity from annotated class: com.yiaxiong.treattracker.entity.Incident
[TRACE] 2020-03-30 12:17:34.902 [main] NormalizingIdentifierHelperImpl - Normalizing identifier quoting [DTYPE]
[DEBUG] 2020-03-30 12:17:34.902 [main] Ejb3Column - Binding column: Ejb3DiscriminatorColumn{logicalColumnName'DTYPE', discriminatorTypeName='string'}
[DEBUG] 2020-03-30 12:17:34.902 [main] EntityBinder - Import with entity name Incident
[TRACE] 2020-03-30 12:17:34.902 [main] InFlightMetadataCollectorImpl - Import: Incident -> com.yiaxiong.treattracker.entity.Incident
[TRACE] 2020-03-30 12:17:34.902 [main] InFlightMetadataCollectorImpl - Import: com.yiaxiong.treattracker.entity.Incident -> com.yiaxiong.treattracker.entity.Incident
[TRACE] 2020-03-30 12:17:34.902 [main] NormalizingIdentifierHelperImpl - Normalizing identifier quoting [incident]
[TRACE] 2020-03-30 12:17:34.902 [main] NormalizingIdentifierHelperImpl - Normalizing identifier quoting [incident]
[DEBUG] 2020-03-30 12:17:34.902 [main] EntityBinder - Bind entity com.yiaxiong.treattracker.entity.Incident on table incident
[TRACE] 2020-03-30 12:17:34.908 [main] AnnotationBinder - Processing annotations of com.yiaxiong.treattracker.entity.Incident.id
[TRACE] 2020-03-30 12:17:34.908 [main] NormalizingIdentifierHelperImpl - Normalizing identifier quoting [id]
[TRACE] 2020-03-30 12:17:34.908 [main] NormalizingIdentifierHelperImpl - Normalizing identifier quoting [id]
[DEBUG] 2020-03-30 12:17:34.908 [main] Ejb3Column - Binding column: Ejb3Column{table=org.hibernate.mapping.Table(incident), mappingColumn=id, insertable=true, updatable=true, unique=false}
[DEBUG] 2020-03-30 12:17:34.908 [main] PropertyBinder - MetadataSourceProcessor property id with lazy=false
[DEBUG] 2020-03-30 12:17:34.908 [main] AbstractPropertyHolder - Attempting to locate auto-apply AttributeConverter for property [com.yiaxiong.treattracker.entity.Incident:id]
[DEBUG] 2020-03-30 12:17:34.908 [main] SimpleValueBinder - building SimpleValue for id
[TRACE] 2020-03-30 12:17:34.908 [main] NormalizingIdentifierHelperImpl - Normalizing identifier quoting [id]
[TRACE] 2020-03-30 12:17:34.908 [main] NormalizingIdentifierHelperImpl - Normalizing identifier quoting [id]
[TRACE] 2020-03-30 12:17:34.908 [main] NormalizingIdentifierHelperImpl - Normalizing identifier quoting [id]
[DEBUG] 2020-03-30 12:17:34.908 [main] PropertyBinder - Building property id
[TRACE] 2020-03-30 12:17:34.908 [main] PropertyBinder - Cascading id with null
[TRACE] 2020-03-30 12:17:34.908 [main] AnnotationBinder - Add generic generator with name: native
[DEBUG] 2020-03-30 12:17:34.908 [main] BinderHelper - #makeIdGenerator(org.hibernate.mapping.SimpleValue([org.hibernate.mapping.Column(id)]), id, org.hibernate.id.enhanced.SequenceStyleGenerator, native, ...)
[TRACE] 2020-03-30 12:17:34.908 [main] AnnotationBinder - Bind @Id on id
[TRACE] 2020-03-30 12:17:34.909 [main] AnnotationBinder - Processing annotations of com.yiaxiong.treattracker.entity.Incident.description
[TRACE] 2020-03-30 12:17:34.909 [main] NormalizingIdentifierHelperImpl - Normalizing identifier quoting [description]
[TRACE] 2020-03-30 12:17:34.909 [main] NormalizingIdentifierHelperImpl - Normalizing identifier quoting [description]
[DEBUG] 2020-03-30 12:17:34.909 [main] Ejb3Column - Binding column: Ejb3Column{table=org.hibernate.mapping.Table(incident), mappingColumn=description, insertable=true, updatable=true, unique=false}
[DEBUG] 2020-03-30 12:17:34.909 [main] PropertyBinder - MetadataSourceProcessor property description with lazy=false
[DEBUG] 2020-03-30 12:17:34.909 [main] AbstractPropertyHolder - Attempting to locate auto-apply AttributeConverter for property [com.yiaxiong.treattracker.entity.Incident:description]
[DEBUG] 2020-03-30 12:17:34.909 [main] SimpleValueBinder - building SimpleValue for description
[TRACE] 2020-03-30 12:17:34.909 [main] NormalizingIdentifierHelperImpl - Normalizing identifier quoting [description]
[TRACE] 2020-03-30 12:17:34.909 [main] NormalizingIdentifierHelperImpl - Normalizing identifier quoting [description]
[TRACE] 2020-03-30 12:17:34.909 [main] NormalizingIdentifierHelperImpl - Normalizing identifier quoting [description]
[DEBUG] 2020-03-30 12:17:34.909 [main] PropertyBinder - Building property description
[TRACE] 2020-03-30 12:17:34.909 [main] PropertyBinder - Cascading description with null
[TRACE] 2020-03-30 12:17:34.909 [main] AnnotationBinder - Processing annotations of com.yiaxiong.treattracker.entity.Incident.incidentDate
[TRACE] 2020-03-30 12:17:34.909 [main] NormalizingIdentifierHelperImpl - Normalizing identifier quoting [incidentDate]
[TRACE] 2020-03-30 12:17:34.909 [main] NormalizingIdentifierHelperImpl - Normalizing identifier quoting [incidentDate]
[DEBUG] 2020-03-30 12:17:34.909 [main] Ejb3Column - Binding column: Ejb3Column{table=org.hibernate.mapping.Table(incident), mappingColumn=incidentDate, insertable=true, updatable=true, unique=false}
[DEBUG] 2020-03-30 12:17:34.909 [main] PropertyBinder - MetadataSourceProcessor property incidentDate with lazy=false
[DEBUG] 2020-03-30 12:17:34.912 [main] SimpleValueBinder - Starting applyAttributeConverter [com.yiaxiong.treattracker.entity.Incident:incidentDate]
[DEBUG] 2020-03-30 12:17:34.912 [main] SimpleValueBinder - building SimpleValue for incidentDate
[TRACE] 2020-03-30 12:17:34.912 [main] NormalizingIdentifierHelperImpl - Normalizing identifier quoting [incidentDate]
[TRACE] 2020-03-30 12:17:34.912 [main] NormalizingIdentifierHelperImpl - Normalizing identifier quoting [incidentDate]
[TRACE] 2020-03-30 12:17:34.912 [main] NormalizingIdentifierHelperImpl - Normalizing identifier quoting [incidentDate]
[DEBUG] 2020-03-30 12:17:34.912 [main] PropertyBinder - Building property incidentDate
[TRACE] 2020-03-30 12:17:34.918 [main] PropertyBinder - Cascading incidentDate with null
[TRACE] 2020-03-30 12:17:34.918 [main] AnnotationBinder - Processing annotations of com.yiaxiong.treattracker.entity.Incident.resolution
[TRACE] 2020-03-30 12:17:34.918 [main] NormalizingIdentifierHelperImpl - Normalizing identifier quoting [id]
[DEBUG] 2020-03-30 12:17:34.918 [main] Ejb3Column - Binding column: Ejb3JoinColumn{logicalColumnName='id', referencedColumn='', mappedBy=''}
[TRACE] 2020-03-30 12:17:34.918 [main] NormalizingIdentifierHelperImpl - Normalizing identifier quoting [resolution]
[TRACE] 2020-03-30 12:17:34.918 [main] NormalizingIdentifierHelperImpl - Normalizing identifier quoting [resolution]
[DEBUG] 2020-03-30 12:17:34.918 [main] Ejb3Column - Binding column: Ejb3Column{table=org.hibernate.mapping.Table(incident), mappingColumn=resolution, insertable=true, updatable=true, unique=false}
[TRACE] 2020-03-30 12:17:34.918 [main] AnnotationBinder - Fetching resolution with SELECT
[TRACE] 2020-03-30 12:17:34.919 [main] AnnotationBinder - Processing annotations of com.yiaxiong.treattracker.entity.Incident.user
[DEBUG] 2020-03-30 12:17:34.919 [main] Ejb3Column - Binding column: Ejb3JoinColumn{logicalColumnName='null', referencedColumn='null', mappedBy='null'}
[TRACE] 2020-03-30 12:17:34.919 [main] NormalizingIdentifierHelperImpl - Normalizing identifier quoting [user]
[TRACE] 2020-03-30 12:17:34.919 [main] NormalizingIdentifierHelperImpl - Normalizing identifier quoting [user]
[DEBUG] 2020-03-30 12:17:34.919 [main] Ejb3Column - Binding column: Ejb3Column{table=org.hibernate.mapping.Table(incident), mappingColumn=user, insertable=true, updatable=true, unique=false}
[DEBUG] 2020-03-30 12:17:34.920 [main] PropertyBinder - Building property user
[TRACE] 2020-03-30 12:17:34.920 [main] PropertyBinder - Cascading user with none
[DEBUG] 2020-03-30 12:17:34.920 [main] AnnotationBinder - Binding entity from annotated class: com.yiaxiong.treattracker.entity.Resolution
[TRACE] 2020-03-30 12:17:34.920 [main] NormalizingIdentifierHelperImpl - Normalizing identifier quoting [DTYPE]
[DEBUG] 2020-03-30 12:17:34.920 [main] Ejb3Column - Binding column: Ejb3DiscriminatorColumn{logicalColumnName'DTYPE', discriminatorTypeName='string'}
[DEBUG] 2020-03-30 12:17:34.920 [main] EntityBinder - Import with entity name Resolution
[TRACE] 2020-03-30 12:17:34.920 [main] InFlightMetadataCollectorImpl - Import: Resolution -> com.yiaxiong.treattracker.entity.Resolution
[TRACE] 2020-03-30 12:17:34.920 [main] InFlightMetadataCollectorImpl - Import: com.yiaxiong.treattracker.entity.Resolution -> com.yiaxiong.treattracker.entity.Resolution
[TRACE] 2020-03-30 12:17:34.920 [main] NormalizingIdentifierHelperImpl - Normalizing identifier quoting [resolution]
[TRACE] 2020-03-30 12:17:34.920 [main] NormalizingIdentifierHelperImpl - Normalizing identifier quoting [resolution]
[DEBUG] 2020-03-30 12:17:34.920 [main] EntityBinder - Bind entity com.yiaxiong.treattracker.entity.Resolution on table resolution
[TRACE] 2020-03-30 12:17:34.921 [main] AnnotationBinder - Processing annotations of com.yiaxiong.treattracker.entity.Resolution.id
[TRACE] 2020-03-30 12:17:34.921 [main] NormalizingIdentifierHelperImpl - Normalizing identifier quoting [id]
[TRACE] 2020-03-30 12:17:34.921 [main] NormalizingIdentifierHelperImpl - Normalizing identifier quoting [id]
[DEBUG] 2020-03-30 12:17:34.921 [main] Ejb3Column - Binding column: Ejb3Column{table=org.hibernate.mapping.Table(resolution), mappingColumn=id, insertable=true, updatable=true, unique=false}
[DEBUG] 2020-03-30 12:17:34.921 [main] PropertyBinder - MetadataSourceProcessor property id with lazy=false
[DEBUG] 2020-03-30 12:17:34.921 [main] AbstractPropertyHolder - Attempting to locate auto-apply AttributeConverter for property [com.yiaxiong.treattracker.entity.Resolution:id]
[DEBUG] 2020-03-30 12:17:34.921 [main] SimpleValueBinder - building SimpleValue for id
[TRACE] 2020-03-30 12:17:34.921 [main] NormalizingIdentifierHelperImpl - Normalizing identifier quoting [id]
[TRACE] 2020-03-30 12:17:34.921 [main] NormalizingIdentifierHelperImpl - Normalizing identifier quoting [id]
[TRACE] 2020-03-30 12:17:34.921 [main] NormalizingIdentifierHelperImpl - Normalizing identifier quoting [id]
[DEBUG] 2020-03-30 12:17:34.921 [main] PropertyBinder - Building property id
[TRACE] 2020-03-30 12:17:34.921 [main] PropertyBinder - Cascading id with null
[TRACE] 2020-03-30 12:17:34.922 [main] AnnotationBinder - Add generic generator with name: native
[DEBUG] 2020-03-30 12:17:34.922 [main] BinderHelper - #makeIdGenerator(org.hibernate.mapping.SimpleValue([org.hibernate.mapping.Column(id)]), id, org.hibernate.id.enhanced.SequenceStyleGenerator, native, ...)
[TRACE] 2020-03-30 12:17:34.922 [main] AnnotationBinder - Bind @Id on id
[TRACE] 2020-03-30 12:17:34.922 [main] AnnotationBinder - Processing annotations of com.yiaxiong.treattracker.entity.Resolution.description
[TRACE] 2020-03-30 12:17:34.922 [main] NormalizingIdentifierHelperImpl - Normalizing identifier quoting [description]
[TRACE] 2020-03-30 12:17:34.922 [main] NormalizingIdentifierHelperImpl - Normalizing identifier quoting [description]
[DEBUG] 2020-03-30 12:17:34.922 [main] Ejb3Column - Binding column: Ejb3Column{table=org.hibernate.mapping.Table(resolution), mappingColumn=description, insertable=true, updatable=true, unique=false}
[DEBUG] 2020-03-30 12:17:34.922 [main] PropertyBinder - MetadataSourceProcessor property description with lazy=false
[DEBUG] 2020-03-30 12:17:34.922 [main] AbstractPropertyHolder - Attempting to locate auto-apply AttributeConverter for property [com.yiaxiong.treattracker.entity.Resolution:description]
[DEBUG] 2020-03-30 12:17:34.922 [main] SimpleValueBinder - building SimpleValue for description
[TRACE] 2020-03-30 12:17:34.922 [main] NormalizingIdentifierHelperImpl - Normalizing identifier quoting [description]
[TRACE] 2020-03-30 12:17:34.922 [main] NormalizingIdentifierHelperImpl - Normalizing identifier quoting [description]
[TRACE] 2020-03-30 12:17:34.922 [main] NormalizingIdentifierHelperImpl - Normalizing identifier quoting [description]
[DEBUG] 2020-03-30 12:17:34.922 [main] PropertyBinder - Building property description
[TRACE] 2020-03-30 12:17:34.922 [main] PropertyBinder - Cascading description with null
[TRACE] 2020-03-30 12:17:34.922 [main] AnnotationBinder - Processing annotations of com.yiaxiong.treattracker.entity.Resolution.resolutionDate
[TRACE] 2020-03-30 12:17:34.922 [main] NormalizingIdentifierHelperImpl - Normalizing identifier quoting [resolutionDate]
[TRACE] 2020-03-30 12:17:34.922 [main] NormalizingIdentifierHelperImpl - Normalizing identifier quoting [resolutionDate]
[DEBUG] 2020-03-30 12:17:34.922 [main] Ejb3Column - Binding column: Ejb3Column{table=org.hibernate.mapping.Table(resolution), mappingColumn=resolutionDate, insertable=true, updatable=true, unique=false}
[DEBUG] 2020-03-30 12:17:34.922 [main] PropertyBinder - MetadataSourceProcessor property resolutionDate with lazy=false
[DEBUG] 2020-03-30 12:17:34.923 [main] SimpleValueBinder - Starting applyAttributeConverter [com.yiaxiong.treattracker.entity.Resolution:resolutionDate]
[DEBUG] 2020-03-30 12:17:34.923 [main] SimpleValueBinder - building SimpleValue for resolutionDate
[TRACE] 2020-03-30 12:17:34.923 [main] NormalizingIdentifierHelperImpl - Normalizing identifier quoting [resolutionDate]
[TRACE] 2020-03-30 12:17:34.923 [main] NormalizingIdentifierHelperImpl - Normalizing identifier quoting [resolutionDate]
[TRACE] 2020-03-30 12:17:34.923 [main] NormalizingIdentifierHelperImpl - Normalizing identifier quoting [resolutionDate]
[DEBUG] 2020-03-30 12:17:34.923 [main] PropertyBinder - Building property resolutionDate
[TRACE] 2020-03-30 12:17:34.923 [main] PropertyBinder - Cascading resolutionDate with null
[DEBUG] 2020-03-30 12:17:34.923 [main] AnnotationBinder - Binding entity from annotated class: com.yiaxiong.treattracker.entity.UserRole
[TRACE] 2020-03-30 12:17:34.923 [main] NormalizingIdentifierHelperImpl - Normalizing identifier quoting [DTYPE]
[DEBUG] 2020-03-30 12:17:34.923 [main] Ejb3Column - Binding column: Ejb3DiscriminatorColumn{logicalColumnName'DTYPE', discriminatorTypeName='string'}
[DEBUG] 2020-03-30 12:17:34.923 [main] EntityBinder - Import with entity name UserRole
[TRACE] 2020-03-30 12:17:34.923 [main] InFlightMetadataCollectorImpl - Import: UserRole -> com.yiaxiong.treattracker.entity.UserRole
[TRACE] 2020-03-30 12:17:34.923 [main] InFlightMetadataCollectorImpl - Import: com.yiaxiong.treattracker.entity.UserRole -> com.yiaxiong.treattracker.entity.UserRole
[TRACE] 2020-03-30 12:17:34.923 [main] NormalizingIdentifierHelperImpl - Normalizing identifier quoting [user_role]
[TRACE] 2020-03-30 12:17:34.923 [main] NormalizingIdentifierHelperImpl - Normalizing identifier quoting [user_role]
[DEBUG] 2020-03-30 12:17:34.923 [main] EntityBinder - Bind entity com.yiaxiong.treattracker.entity.UserRole on table user_role
[TRACE] 2020-03-30 12:17:34.924 [main] AnnotationBinder - Processing annotations of com.yiaxiong.treattracker.entity.UserRole.id
[TRACE] 2020-03-30 12:17:34.924 [main] NormalizingIdentifierHelperImpl - Normalizing identifier quoting [id]
[TRACE] 2020-03-30 12:17:34.924 [main] NormalizingIdentifierHelperImpl - Normalizing identifier quoting [id]
[DEBUG] 2020-03-30 12:17:34.924 [main] Ejb3Column - Binding column: Ejb3Column{table=org.hibernate.mapping.Table(user_role), mappingColumn=id, insertable=true, updatable=true, unique=false}
[DEBUG] 2020-03-30 12:17:34.924 [main] PropertyBinder - MetadataSourceProcessor property id with lazy=false
[DEBUG] 2020-03-30 12:17:34.924 [main] AbstractPropertyHolder - Attempting to locate auto-apply AttributeConverter for property [com.yiaxiong.treattracker.entity.UserRole:id]
[DEBUG] 2020-03-30 12:17:34.924 [main] SimpleValueBinder - building SimpleValue for id
[TRACE] 2020-03-30 12:17:34.924 [main] NormalizingIdentifierHelperImpl - Normalizing identifier quoting [id]
[TRACE] 2020-03-30 12:17:34.924 [main] NormalizingIdentifierHelperImpl - Normalizing identifier quoting [id]
[TRACE] 2020-03-30 12:17:34.924 [main] NormalizingIdentifierHelperImpl - Normalizing identifier quoting [id]
[DEBUG] 2020-03-30 12:17:34.924 [main] PropertyBinder - Building property id
[TRACE] 2020-03-30 12:17:34.924 [main] PropertyBinder - Cascading id with null
[TRACE] 2020-03-30 12:17:34.925 [main] AnnotationBinder - Add generic generator with name: native
[DEBUG] 2020-03-30 12:17:34.925 [main] BinderHelper - #makeIdGenerator(org.hibernate.mapping.SimpleValue([org.hibernate.mapping.Column(id)]), id, org.hibernate.id.enhanced.SequenceStyleGenerator, native, ...)
[TRACE] 2020-03-30 12:17:34.925 [main] AnnotationBinder - Bind @Id on id
[TRACE] 2020-03-30 12:17:34.925 [main] AnnotationBinder - Processing annotations of com.yiaxiong.treattracker.entity.UserRole.createDate
[TRACE] 2020-03-30 12:17:34.925 [main] NormalizingIdentifierHelperImpl - Normalizing identifier quoting [createDate]
[TRACE] 2020-03-30 12:17:34.925 [main] NormalizingIdentifierHelperImpl - Normalizing identifier quoting [createDate]
[DEBUG] 2020-03-30 12:17:34.925 [main] Ejb3Column - Binding column: Ejb3Column{table=org.hibernate.mapping.Table(user_role), mappingColumn=createDate, insertable=true, updatable=true, unique=false}
[DEBUG] 2020-03-30 12:17:34.925 [main] PropertyBinder - MetadataSourceProcessor property createDate with lazy=false
[DEBUG] 2020-03-30 12:17:34.925 [main] SimpleValueBinder - Starting applyAttributeConverter [com.yiaxiong.treattracker.entity.UserRole:createDate]
[DEBUG] 2020-03-30 12:17:34.925 [main] SimpleValueBinder - building SimpleValue for createDate
[TRACE] 2020-03-30 12:17:34.925 [main] NormalizingIdentifierHelperImpl - Normalizing identifier quoting [createDate]
[TRACE] 2020-03-30 12:17:34.925 [main] NormalizingIdentifierHelperImpl - Normalizing identifier quoting [createDate]
[TRACE] 2020-03-30 12:17:34.925 [main] NormalizingIdentifierHelperImpl - Normalizing identifier quoting [createDate]
[DEBUG] 2020-03-30 12:17:34.925 [main] PropertyBinder - Building property createDate
[TRACE] 2020-03-30 12:17:34.925 [main] PropertyBinder - Cascading createDate with null
[TRACE] 2020-03-30 12:17:34.925 [main] AnnotationBinder - Processing annotations of com.yiaxiong.treattracker.entity.UserRole.role
[TRACE] 2020-03-30 12:17:34.925 [main] NormalizingIdentifierHelperImpl - Normalizing identifier quoting [role]
[DEBUG] 2020-03-30 12:17:34.925 [main] Ejb3Column - Binding column: Ejb3JoinColumn{logicalColumnName='role', referencedColumn='', mappedBy=''}
[TRACE] 2020-03-30 12:17:34.925 [main] NormalizingIdentifierHelperImpl - Normalizing identifier quoting [role]
[TRACE] 2020-03-30 12:17:34.926 [main] NormalizingIdentifierHelperImpl - Normalizing identifier quoting [role]
[DEBUG] 2020-03-30 12:17:34.926 [main] Ejb3Column - Binding column: Ejb3Column{table=org.hibernate.mapping.Table(user_role), mappingColumn=role, insertable=true, updatable=true, unique=false}
[TRACE] 2020-03-30 12:17:34.926 [main] AnnotationBinder - Fetching role with SELECT
[DEBUG] 2020-03-30 12:17:34.926 [main] PropertyBinder - Building property role
[TRACE] 2020-03-30 12:17:34.926 [main] PropertyBinder - Cascading role with none
[TRACE] 2020-03-30 12:17:34.926 [main] AnnotationBinder - Processing annotations of com.yiaxiong.treattracker.entity.UserRole.updateDate
[TRACE] 2020-03-30 12:17:34.926 [main] NormalizingIdentifierHelperImpl - Normalizing identifier quoting [updateDate]
[TRACE] 2020-03-30 12:17:34.926 [main] NormalizingIdentifierHelperImpl - Normalizing identifier quoting [updateDate]
[DEBUG] 2020-03-30 12:17:34.926 [main] Ejb3Column - Binding column: Ejb3Column{table=org.hibernate.mapping.Table(user_role), mappingColumn=updateDate, insertable=true, updatable=true, unique=false}
[DEBUG] 2020-03-30 12:17:34.926 [main] PropertyBinder - MetadataSourceProcessor property updateDate with lazy=false
[DEBUG] 2020-03-30 12:17:34.926 [main] SimpleValueBinder - Starting applyAttributeConverter [com.yiaxiong.treattracker.entity.UserRole:updateDate]
[DEBUG] 2020-03-30 12:17:34.926 [main] SimpleValueBinder - building SimpleValue for updateDate
[TRACE] 2020-03-30 12:17:34.926 [main] NormalizingIdentifierHelperImpl - Normalizing identifier quoting [updateDate]
[TRACE] 2020-03-30 12:17:34.926 [main] NormalizingIdentifierHelperImpl - Normalizing identifier quoting [updateDate]
[TRACE] 2020-03-30 12:17:34.926 [main] NormalizingIdentifierHelperImpl - Normalizing identifier quoting [updateDate]
[DEBUG] 2020-03-30 12:17:34.926 [main] PropertyBinder - Building property updateDate
[TRACE] 2020-03-30 12:17:34.926 [main] PropertyBinder - Cascading updateDate with null
[TRACE] 2020-03-30 12:17:34.926 [main] AnnotationBinder - Processing annotations of com.yiaxiong.treattracker.entity.UserRole.user
[TRACE] 2020-03-30 12:17:34.926 [main] NormalizingIdentifierHelperImpl - Normalizing identifier quoting [userName]
[DEBUG] 2020-03-30 12:17:34.926 [main] Ejb3Column - Binding column: Ejb3JoinColumn{logicalColumnName='userName', referencedColumn='', mappedBy=''}
[TRACE] 2020-03-30 12:17:34.927 [main] NormalizingIdentifierHelperImpl - Normalizing identifier quoting [user]
[TRACE] 2020-03-30 12:17:34.927 [main] NormalizingIdentifierHelperImpl - Normalizing identifier quoting [user]
[DEBUG] 2020-03-30 12:17:34.927 [main] Ejb3Column - Binding column: Ejb3Column{table=org.hibernate.mapping.Table(user_role), mappingColumn=user, insertable=true, updatable=true, unique=false}
[TRACE] 2020-03-30 12:17:34.927 [main] AnnotationBinder - Fetching user with SELECT
[DEBUG] 2020-03-30 12:17:34.927 [main] PropertyBinder - Building property user
[TRACE] 2020-03-30 12:17:34.927 [main] PropertyBinder - Cascading user with none
[DEBUG] 2020-03-30 12:17:34.928 [main] SimpleValueBinder - Starting fillSimpleValue for id
[DEBUG] 2020-03-30 12:17:34.928 [main] SimpleValueBinder - Starting fillSimpleValue for email
[DEBUG] 2020-03-30 12:17:34.928 [main] SimpleValueBinder - Starting fillSimpleValue for firstName
[DEBUG] 2020-03-30 12:17:34.928 [main] SimpleValueBinder - Starting fillSimpleValue for lastName
[DEBUG] 2020-03-30 12:17:34.928 [main] SimpleValueBinder - Starting fillSimpleValue for password
[DEBUG] 2020-03-30 12:17:34.928 [main] SimpleValueBinder - Starting fillSimpleValue for userName
[DEBUG] 2020-03-30 12:17:34.928 [main] SimpleValueBinder - Starting fillSimpleValue for id
[DEBUG] 2020-03-30 12:17:34.928 [main] SimpleValueBinder - Starting fillSimpleValue for description
[DEBUG] 2020-03-30 12:17:34.928 [main] SimpleValueBinder - Starting fillSimpleValue for incidentDate
[DEBUG] 2020-03-30 12:17:34.928 [main] SimpleValueBinder - Applying JPA AttributeConverter [org.hibernate.boot.model.convert.internal.ClassBasedConverterDescriptor@48df4071] to [com.yiaxiong.treattracker.entity.Incident:incidentDate]
[TRACE] 2020-03-30 12:17:34.928 [main] AbstractServiceRegistryImpl - Initializing service [role=org.hibernate.resource.beans.spi.ManagedBeanRegistry]
[INFO ] 2020-03-30 12:17:34.930 [main] beans - HHH10005002: No explicit CDI BeanManager reference was passed to Hibernate, but CDI is available on the Hibernate ClassLoader.
[TRACE] 2020-03-30 12:17:34.931 [main] FallbackBeanInstanceProducer - Creating ManagedBean(com.yiaxiong.treattracker.util.TimestampAttributeConverter) using direct instantiation
[DEBUG] 2020-03-30 12:17:34.931 [main] JavaTypeDescriptorRegistry - Could not find matching scoped JavaTypeDescriptor for requested Java class [com.yiaxiong.treattracker.util.TimestampAttributeConverter]; falling back to static registry
[DEBUG] 2020-03-30 12:17:34.933 [main] JavaTypeDescriptorRegistry - Could not find matching scoped JavaTypeDescriptor for requested Java class [java.time.LocalDateTime]; falling back to static registry
[DEBUG] 2020-03-30 12:17:34.934 [main] JavaTypeDescriptorRegistry - Could not find matching scoped JavaTypeDescriptor for requested Java class [java.sql.Timestamp]; falling back to static registry
[DEBUG] 2020-03-30 12:17:34.935 [main] AttributeConverterTypeAdapter - Created AttributeConverterTypeAdapter -> converted::com.yiaxiong.treattracker.util.TimestampAttributeConverter
[DEBUG] 2020-03-30 12:17:34.935 [main] SimpleValueBinder - Starting fillSimpleValue for id
[DEBUG] 2020-03-30 12:17:34.935 [main] SimpleValueBinder - Starting fillSimpleValue for description
[DEBUG] 2020-03-30 12:17:34.935 [main] SimpleValueBinder - Starting fillSimpleValue for resolutionDate
[DEBUG] 2020-03-30 12:17:34.935 [main] SimpleValueBinder - Applying JPA AttributeConverter [org.hibernate.boot.model.convert.internal.ClassBasedConverterDescriptor@727320fa] to [com.yiaxiong.treattracker.entity.Resolution:resolutionDate]
[DEBUG] 2020-03-30 12:17:34.935 [main] JavaTypeDescriptorRegistry - Could not find matching scoped JavaTypeDescriptor for requested Java class [com.yiaxiong.treattracker.util.TimestampAttributeConverter]; falling back to static registry
[DEBUG] 2020-03-30 12:17:34.935 [main] JavaTypeDescriptorRegistry - Could not find matching scoped JavaTypeDescriptor for requested Java class [java.time.LocalDateTime]; falling back to static registry
[DEBUG] 2020-03-30 12:17:34.935 [main] JavaTypeDescriptorRegistry - Could not find matching scoped JavaTypeDescriptor for requested Java class [java.sql.Timestamp]; falling back to static registry
[DEBUG] 2020-03-30 12:17:34.935 [main] AttributeConverterTypeAdapter - Created AttributeConverterTypeAdapter -> converted::com.yiaxiong.treattracker.util.TimestampAttributeConverter
[DEBUG] 2020-03-30 12:17:34.935 [main] SimpleValueBinder - Starting fillSimpleValue for id
[DEBUG] 2020-03-30 12:17:34.935 [main] SimpleValueBinder - Starting fillSimpleValue for createDate
[DEBUG] 2020-03-30 12:17:34.935 [main] SimpleValueBinder - Applying JPA AttributeConverter [org.hibernate.boot.model.convert.internal.ClassBasedConverterDescriptor@2935fd2c] to [com.yiaxiong.treattracker.entity.UserRole:createDate]
[DEBUG] 2020-03-30 12:17:34.936 [main] JavaTypeDescriptorRegistry - Could not find matching scoped JavaTypeDescriptor for requested Java class [com.yiaxiong.treattracker.util.TimestampAttributeConverter]; falling back to static registry
[DEBUG] 2020-03-30 12:17:34.936 [main] JavaTypeDescriptorRegistry - Could not find matching scoped JavaTypeDescriptor for requested Java class [java.time.LocalDateTime]; falling back to static registry
[DEBUG] 2020-03-30 12:17:34.936 [main] JavaTypeDescriptorRegistry - Could not find matching scoped JavaTypeDescriptor for requested Java class [java.sql.Timestamp]; falling back to static registry
[DEBUG] 2020-03-30 12:17:34.936 [main] AttributeConverterTypeAdapter - Created AttributeConverterTypeAdapter -> converted::com.yiaxiong.treattracker.util.TimestampAttributeConverter
[DEBUG] 2020-03-30 12:17:34.936 [main] SimpleValueBinder - Starting fillSimpleValue for updateDate
[DEBUG] 2020-03-30 12:17:34.936 [main] SimpleValueBinder - Applying JPA AttributeConverter [org.hibernate.boot.model.convert.internal.ClassBasedConverterDescriptor@3f018494] to [com.yiaxiong.treattracker.entity.UserRole:updateDate]
[DEBUG] 2020-03-30 12:17:34.936 [main] JavaTypeDescriptorRegistry - Could not find matching scoped JavaTypeDescriptor for requested Java class [com.yiaxiong.treattracker.util.TimestampAttributeConverter]; falling back to static registry
[DEBUG] 2020-03-30 12:17:34.936 [main] JavaTypeDescriptorRegistry - Could not find matching scoped JavaTypeDescriptor for requested Java class [java.time.LocalDateTime]; falling back to static registry
[DEBUG] 2020-03-30 12:17:34.936 [main] JavaTypeDescriptorRegistry - Could not find matching scoped JavaTypeDescriptor for requested Java class [java.sql.Timestamp]; falling back to static registry
[DEBUG] 2020-03-30 12:17:34.936 [main] AttributeConverterTypeAdapter - Created AttributeConverterTypeAdapter -> converted::com.yiaxiong.treattracker.util.TimestampAttributeConverter
[TRACE] 2020-03-30 12:17:34.936 [main] NormalizingIdentifierHelperImpl - Normalizing identifier quoting [id]
[TRACE] 2020-03-30 12:17:34.937 [main] NormalizingIdentifierHelperImpl - Normalizing identifier quoting [user]
[TRACE] 2020-03-30 12:17:34.937 [main] NormalizingIdentifierHelperImpl - Normalizing identifier quoting [id]
[TRACE] 2020-03-30 12:17:34.937 [main] NormalizingIdentifierHelperImpl - Normalizing identifier quoting [user_id]
[TRACE] 2020-03-30 12:17:34.937 [main] NormalizingIdentifierHelperImpl - Normalizing identifier quoting [user_id]
[TRACE] 2020-03-30 12:17:34.937 [main] NormalizingIdentifierHelperImpl - Normalizing identifier quoting [id]
[TRACE] 2020-03-30 12:17:34.937 [main] NormalizingIdentifierHelperImpl - Normalizing identifier quoting [user_id]
[TRACE] 2020-03-30 12:17:34.937 [main] NormalizingIdentifierHelperImpl - Normalizing identifier quoting [user_id]
